{"message":"connection 3 to devconnector-shard-00-00-etg4y.mongodb.net:27017 closed","stack":"MongoNetworkError: connection 3 to devconnector-shard-00-00-etg4y.mongodb.net:27017 closed\n    at TLSSocket.<anonymous> (E:\\Docs\\Projects\\DevConnector\\node_modules\\mongodb-core\\lib\\connection\\connection.js:276:9)\n    at Object.onceWrapper (events.js:277:13)\n    at TLSSocket.emit (events.js:194:15)\n    at _handle.close (net.js:600:12)\n    at TCP.done (_tls_wrap.js:388:7)","name":"MongoNetworkError","errorLabels":["TransientTransactionError"],"level":"error","timestamp":"2019-04-08T16:23:35.524Z"}
{"message":"connection 4 to devconnector-shard-00-00-etg4y.mongodb.net:27017 closed","stack":"MongoNetworkError: connection 4 to devconnector-shard-00-00-etg4y.mongodb.net:27017 closed\n    at TLSSocket.<anonymous> (E:\\Docs\\Projects\\DevConnector\\node_modules\\mongodb-core\\lib\\connection\\connection.js:276:9)\n    at Object.onceWrapper (events.js:277:13)\n    at TLSSocket.emit (events.js:194:15)\n    at _handle.close (net.js:600:12)\n    at TCP.done (_tls_wrap.js:388:7)","name":"MongoNetworkError","errorLabels":["TransientTransactionError"],"level":"error","timestamp":"2019-04-08T16:34:48.381Z"}
{"message":"connection 4 to devconnector-shard-00-02-etg4y.mongodb.net:27017 closed","stack":"MongoNetworkError: connection 4 to devconnector-shard-00-02-etg4y.mongodb.net:27017 closed\n    at TLSSocket.<anonymous> (E:\\Docs\\Projects\\DevConnector\\node_modules\\mongodb-core\\lib\\connection\\connection.js:276:9)\n    at Object.onceWrapper (events.js:277:13)\n    at TLSSocket.emit (events.js:194:15)\n    at _handle.close (net.js:600:12)\n    at TCP.done (_tls_wrap.js:388:7)","name":"MongoNetworkError","errorLabels":["TransientTransactionError"],"level":"error","timestamp":"2019-04-08T16:34:55.917Z"}
{"message":"connection 4 to cluster0-shard-00-02-etg4y.azure.mongodb.net:27017 closed","stack":"MongoNetworkError: connection 4 to cluster0-shard-00-02-etg4y.azure.mongodb.net:27017 closed\n    at TLSSocket.<anonymous> (E:\\Docs\\Projects\\DevConnector\\node_modules\\mongodb-core\\lib\\connection\\connection.js:276:9)\n    at Object.onceWrapper (events.js:277:13)\n    at TLSSocket.emit (events.js:194:15)\n    at _handle.close (net.js:600:12)\n    at TCP.done (_tls_wrap.js:388:7)","name":"MongoNetworkError","errorLabels":["TransientTransactionError"],"level":"error","timestamp":"2019-04-08T16:45:21.133Z"}
{"message":"connection 5 to cluster0-shard-00-01-etg4y.azure.mongodb.net:27017 closed","stack":"MongoNetworkError: connection 5 to cluster0-shard-00-01-etg4y.azure.mongodb.net:27017 closed\n    at TLSSocket.<anonymous> (E:\\Docs\\Projects\\DevConnector\\node_modules\\mongodb-core\\lib\\connection\\connection.js:276:9)\n    at Object.onceWrapper (events.js:277:13)\n    at TLSSocket.emit (events.js:194:15)\n    at _handle.close (net.js:600:12)\n    at TCP.done (_tls_wrap.js:388:7)","name":"MongoNetworkError","errorLabels":["TransientTransactionError"],"level":"error","timestamp":"2019-04-08T17:35:16.755Z"}
{"level":"info","message":"Connected to mongodb://localhost/devconnector ....","timestamp":"2019-04-08T17:36:26.416Z"}
{"level":"info","message":"Connected to mongodb://localhost/dev-connector ....","timestamp":"2019-04-08T17:36:30.407Z"}
{"level":"info","message":"Connected to mongodb://localhost/dev-connector ....","timestamp":"2019-04-08T17:36:40.114Z"}
{"level":"info","message":"Connected to mongodb://localhost/dev-connector ....","timestamp":"2019-04-08T17:36:55.764Z"}
{"level":"info","message":"Connected to mongodb://localhost/dev-connector ....","timestamp":"2019-04-08T17:37:03.274Z"}
{"level":"info","message":"Connected to mongodb://localhost/dev-connector ....","timestamp":"2019-04-08T17:38:28.528Z"}
{"level":"info","message":"Connected to mongodb://localhost/dev-connector ....","timestamp":"2019-04-08T17:39:16.718Z"}
{"level":"info","message":"Connected to mongodb://localhost/dev-connector ....","timestamp":"2019-04-08T17:40:31.135Z"}
{"level":"info","message":"Connected to mongodb://localhost/dev-connector ....","timestamp":"2019-04-08T17:40:59.267Z"}
{"level":"info","message":"Connected to mongodb://localhost/dev-connector ....","timestamp":"2019-04-08T17:41:07.871Z"}
{"level":"info","message":"Connected to mongodb://localhost/dev-connector ....","timestamp":"2019-04-08T17:41:44.334Z"}
{"level":"info","message":"Connected to mongodb://localhost/dev-connector ....","timestamp":"2019-04-08T17:42:45.726Z"}
{"level":"info","message":"Connected to mongodb://localhost/dev-connector ....","timestamp":"2019-04-08T17:43:11.645Z"}
{"level":"info","message":"Connected to mongodb://localhost/dev-connector ....","timestamp":"2019-04-08T17:43:26.562Z"}
{"level":"info","message":"Connected to mongodb://localhost/dev-connector ....","timestamp":"2019-04-08T17:43:45.762Z"}
{"level":"info","message":"Connected to mongodb://localhost/dev-connector ....","timestamp":"2019-04-08T17:44:34.657Z"}
{"level":"info","message":"Connected to mongodb://localhost/dev-connector ....","timestamp":"2019-04-08T17:44:36.576Z"}
{"level":"info","message":"Connected to mongodb://localhost/dev-connector ....","timestamp":"2019-04-08T17:45:43.152Z"}
{"level":"info","message":"Connected to mongodb://localhost/dev-connector ....","timestamp":"2019-04-08T17:46:40.508Z"}
{"level":"info","message":"Connected to mongodb://localhost/dev-connector ....","timestamp":"2019-04-08T17:47:40.923Z"}
{"level":"info","message":"Connected to mongodb://localhost/dev-connector ....","timestamp":"2019-04-08T17:48:28.089Z"}
{"level":"info","message":"Connected to mongodb://localhost/dev-connector ....","timestamp":"2019-04-08T17:48:43.535Z"}
{"level":"info","message":"Connected to mongodb://localhost/dev-connector ....","timestamp":"2019-04-08T17:51:27.936Z"}
{"level":"info","message":"Connected to mongodb://localhost/dev-connector ....","timestamp":"2019-04-08T17:52:40.319Z"}
{"level":"info","message":"Connected to mongodb://localhost/dev-connector ....","timestamp":"2019-04-08T17:52:54.360Z"}
{"level":"info","message":"Connected to mongodb://localhost/dev-connector ....","timestamp":"2019-04-08T18:02:53.644Z"}
{"level":"info","message":"Connected to mongodb://localhost/dev-connector ....","timestamp":"2019-04-08T18:07:54.303Z"}
{"level":"info","message":"Connected to mongodb://localhost/dev-connector ....","timestamp":"2019-04-08T18:39:24.083Z"}
{"level":"info","message":"Connected to mongodb://localhost/dev-connector ....","timestamp":"2019-04-08T18:42:16.958Z"}
{"level":"info","message":"Connected to mongodb://localhost/dev-connector ....","timestamp":"2019-04-08T18:45:04.372Z"}
{"level":"info","message":"Connected to mongodb://localhost/dev-connector ....","timestamp":"2019-04-08T18:45:12.793Z"}
{"level":"info","message":"Connected to mongodb://localhost/dev-connector ....","timestamp":"2019-04-08T18:45:21.006Z"}
{"level":"info","message":"Connected to mongodb://localhost/dev-connector ....","timestamp":"2019-04-08T18:45:25.718Z"}
{"level":"info","message":"Connected to mongodb://localhost/dev-connector ....","timestamp":"2019-04-08T18:48:32.440Z"}
{"level":"info","message":"Connected to mongodb://localhost/dev-connector ....","timestamp":"2019-04-08T18:48:52.204Z"}
{"level":"info","message":"Connected to mongodb://localhost/dev-connector ....","timestamp":"2019-04-08T18:53:04.659Z"}
{"level":"info","message":"Connected to mongodb://localhost/dev-connector ....","timestamp":"2019-04-08T18:57:03.523Z"}
{"level":"info","message":"Connected to mongodb://localhost/dev-connector ....","timestamp":"2019-04-08T19:01:15.484Z"}
{"level":"info","message":"Connected to mongodb://localhost/dev-connector ....","timestamp":"2019-04-08T19:01:44.560Z"}
{"level":"info","message":"Connected to mongodb://localhost/dev-connector ....","timestamp":"2019-04-08T19:01:57.744Z"}
{"level":"info","message":"Connected to mongodb://localhost/dev-connector ....","timestamp":"2019-04-08T19:06:45.718Z"}
{"level":"info","message":"Connected to mongodb://localhost/dev-connector ....","timestamp":"2019-04-08T19:07:07.207Z"}
{"level":"info","message":"Connected to mongodb://localhost/dev-connector ....","timestamp":"2019-04-08T19:07:48.492Z"}
{"level":"info","message":"Connected to mongodb://localhost/dev-connector ....","timestamp":"2019-04-08T19:07:55.078Z"}
{"level":"info","message":"Connected to mongodb://localhost/dev-connector ....","timestamp":"2019-04-08T19:09:23.024Z"}
{"level":"info","message":"Connected to mongodb://localhost/dev-connector ....","timestamp":"2019-04-08T19:10:08.829Z"}
{"level":"info","message":"Connected to mongodb://localhost/dev-connector ....","timestamp":"2019-04-08T19:11:16.098Z"}
{"level":"info","message":"Connected to mongodb://localhost/dev-connector ....","timestamp":"2019-04-08T19:11:52.173Z"}
{"level":"info","message":"Connected to mongodb://localhost/dev-connector ....","timestamp":"2019-04-08T19:12:31.948Z"}
{"level":"info","message":"Connected to mongodb://localhost/dev-connector ....","timestamp":"2019-04-08T19:13:04.590Z"}
{"level":"info","message":"Connected to mongodb://localhost/dev-connector ....","timestamp":"2019-04-08T19:20:04.115Z"}
{"level":"info","message":"Connected to mongodb://localhost/dev-connector ....","timestamp":"2019-04-08T19:41:07.713Z"}
{"level":"info","message":"Connected to mongodb://localhost/dev-connector ....","timestamp":"2019-04-08T19:43:16.834Z"}
{"level":"info","message":"Connected to mongodb://localhost/dev-connector ....","timestamp":"2019-04-08T19:45:46.294Z"}
{"level":"info","message":"Connected to mongodb://localhost/dev-connector ....","timestamp":"2019-04-08T19:50:20.989Z"}
{"level":"info","message":"Connected to mongodb://localhost/dev-connector ....","timestamp":"2019-04-08T19:51:31.880Z"}
{"level":"info","message":"Connected to mongodb://localhost/dev-connector ....","timestamp":"2019-04-08T19:52:17.257Z"}
{"level":"info","message":"Connected to mongodb://localhost/dev-connector ....","timestamp":"2019-04-08T19:52:50.943Z"}
{"level":"info","message":"Connected to mongodb://localhost/dev-connector ....","timestamp":"2019-04-08T19:52:54.676Z"}
{"level":"info","message":"Connected to mongodb://localhost/dev-connector ....","timestamp":"2019-04-09T16:19:24.547Z"}
{"level":"info","message":"Connected to mongodb://localhost/dev-connector ....","timestamp":"2019-04-09T16:19:54.748Z"}
{"level":"info","message":"Connected to mongodb://localhost/dev-connector ....","timestamp":"2019-04-09T16:20:28.926Z"}
{"level":"info","message":"Connected to mongodb://localhost/dev-connector ....","timestamp":"2019-04-09T18:20:51.932Z"}
{"level":"info","message":"Connected to mongodb://localhost/dev-connector ....","timestamp":"2019-04-09T18:20:59.313Z"}
{"level":"info","message":"Connected to mongodb://localhost/dev-connector ....","timestamp":"2019-04-09T18:24:01.846Z"}
{"level":"info","message":"Connected to mongodb://localhost/dev-connector ....","timestamp":"2019-04-09T18:24:10.635Z"}
{"level":"info","message":"Connected to mongodb://localhost/dev-connector ....","timestamp":"2019-04-09T18:25:48.618Z"}
{"level":"info","message":"Connected to mongodb://localhost/dev-connector ....","timestamp":"2019-04-09T18:30:40.087Z"}
{"level":"info","message":"Connected to mongodb://localhost/dev-connector ....","timestamp":"2019-04-09T18:31:33.637Z"}
{"level":"info","message":"Connected to mongodb://localhost/dev-connector ....","timestamp":"2019-04-09T18:32:40.781Z"}
{"level":"info","message":"Connected to mongodb://localhost/dev-connector ....","timestamp":"2019-04-09T18:32:52.153Z"}
{"level":"info","message":"Connected to mongodb://localhost/dev-connector ....","timestamp":"2019-04-09T18:34:36.827Z"}
{"level":"info","message":"Connected to mongodb://localhost/dev-connector ....","timestamp":"2019-04-09T18:36:38.598Z"}
{"level":"info","message":"Connected to mongodb://localhost/dev-connector ....","timestamp":"2019-04-09T18:38:39.433Z"}
{"level":"info","message":"Connected to mongodb://localhost/dev-connector ....","timestamp":"2019-04-09T19:00:42.290Z"}
{"level":"info","message":"Connected to mongodb://localhost/dev-connector ....","timestamp":"2019-04-09T19:01:35.493Z"}
{"level":"info","message":"Connected to mongodb://localhost/dev-connector ....","timestamp":"2019-04-09T19:03:15.057Z"}
{"level":"info","message":"Connected to mongodb://localhost/dev-connector ....","timestamp":"2019-04-09T19:03:30.295Z"}
{"level":"info","message":"Connected to mongodb://localhost/dev-connector ....","timestamp":"2019-04-09T19:03:37.209Z"}
{"level":"info","message":"Connected to mongodb://localhost/dev-connector ....","timestamp":"2019-04-09T19:04:16.235Z"}
{"level":"info","message":"Connected to mongodb://localhost/dev-connector ....","timestamp":"2019-04-09T19:07:04.696Z"}
{"level":"info","message":"Connected to mongodb://localhost/dev-connector ....","timestamp":"2019-04-09T19:08:01.826Z"}
{"level":"info","message":"Connected to mongodb://localhost/dev-connector ....","timestamp":"2019-04-09T19:08:29.075Z"}
{"level":"info","message":"Connected to mongodb://localhost/dev-connector ....","timestamp":"2019-04-09T19:10:00.961Z"}
{"level":"info","message":"Connected to mongodb://localhost/dev-connector ....","timestamp":"2019-04-09T19:10:33.820Z"}
{"level":"info","message":"Connected to mongodb://localhost/dev-connector ....","timestamp":"2019-04-09T19:52:26.278Z"}
{"level":"info","message":"Connected to mongodb://localhost/dev-connector ....","timestamp":"2019-04-09T19:52:43.680Z"}
{"level":"info","message":"Connected to mongodb://localhost/dev-connector ....","timestamp":"2019-04-09T19:54:12.380Z"}
{"level":"info","message":"Connected to mongodb://localhost/dev-connector ....","timestamp":"2019-04-09T19:55:07.881Z"}
{"level":"info","message":"Connected to mongodb://localhost/dev-connector ....","timestamp":"2019-04-09T19:55:14.723Z"}
{"level":"info","message":"Connected to mongodb://localhost/dev-connector ....","timestamp":"2019-04-09T19:55:22.528Z"}
{"level":"info","message":"Connected to mongodb://localhost/dev-connector ....","timestamp":"2019-04-09T19:55:59.919Z"}
{"level":"info","message":"Connected to mongodb://localhost/dev-connector ....","timestamp":"2019-04-09T19:58:33.354Z"}
{"level":"info","message":"Connected to mongodb://localhost/dev-connector ....","timestamp":"2019-04-09T19:59:24.994Z"}
{"level":"info","message":"Connected to mongodb://localhost/dev-connector ....","timestamp":"2019-04-09T19:59:36.378Z"}
{"level":"info","message":"Connected to mongodb://localhost/dev-connector ....","timestamp":"2019-04-09T20:01:48.595Z"}
{"level":"info","message":"Connected to mongodb://localhost/dev-connector ....","timestamp":"2019-04-09T20:03:56.843Z"}
{"level":"info","message":"Connected to mongodb://localhost/dev-connector ....","timestamp":"2019-04-09T20:04:31.089Z"}
{"level":"info","message":"Connected to mongodb://localhost/dev-connector ....","timestamp":"2019-04-09T20:05:36.613Z"}
{"level":"info","message":"Connected to mongodb://localhost/dev-connector ....","timestamp":"2019-04-09T20:05:43.462Z"}
{"level":"info","message":"Connected to mongodb://localhost/dev-connector ....","timestamp":"2019-04-09T20:06:01.839Z"}
{"level":"info","message":"Connected to mongodb://localhost/dev-connector ....","timestamp":"2019-04-09T20:06:24.159Z"}
{"level":"info","message":"Connected to mongodb://localhost/dev-connector ....","timestamp":"2019-04-09T20:08:44.448Z"}
{"level":"info","message":"Connected to mongodb://localhost/dev-connector ....","timestamp":"2019-04-09T20:09:43.399Z"}
{"level":"info","message":"Connected to mongodb://localhost/dev-connector ....","timestamp":"2019-04-09T20:11:38.949Z"}
{"level":"info","message":"Connected to mongodb://localhost/dev-connector ....","timestamp":"2019-04-09T20:11:47.131Z"}
{"level":"info","message":"Connected to mongodb://localhost/dev-connector ....","timestamp":"2019-04-09T20:12:11.631Z"}
{"level":"info","message":"Connected to mongodb://localhost/dev-connector ....","timestamp":"2019-04-09T20:12:53.226Z"}
{"level":"info","message":"Connected to mongodb://localhost/dev-connector ....","timestamp":"2019-04-09T20:13:03.790Z"}
{"level":"info","message":"Connected to mongodb://localhost/dev-connector ....","timestamp":"2019-04-09T20:14:40.464Z"}
{"level":"info","message":"Connected to mongodb://localhost/dev-connector ....","timestamp":"2019-04-09T20:15:44.404Z"}
{"level":"info","message":"Connected to mongodb://localhost/dev-connector ....","timestamp":"2019-04-09T20:15:55.416Z"}
{"level":"info","message":"Connected to mongodb://localhost/dev-connector ....","timestamp":"2019-04-09T20:17:34.124Z"}
{"level":"info","message":"Connected to mongodb://localhost/dev-connector ....","timestamp":"2019-04-09T20:17:40.279Z"}
{"level":"info","message":"Connected to mongodb://localhost/dev-connector ....","timestamp":"2019-04-09T20:19:09.476Z"}
{"level":"info","message":"Connected to mongodb://localhost/dev-connector ....","timestamp":"2019-04-09T20:19:23.914Z"}
{"level":"info","message":"Connected to mongodb://localhost/dev-connector ....","timestamp":"2019-04-09T20:21:13.421Z"}
{"level":"info","message":"Connected to mongodb://localhost/dev-connector ....","timestamp":"2019-04-09T20:21:20.568Z"}
{"level":"info","message":"Connected to mongodb://localhost/dev-connector ....","timestamp":"2019-04-09T20:21:34.580Z"}
{"level":"info","message":"Connected to mongodb://localhost/dev-connector ....","timestamp":"2019-04-09T20:21:43.778Z"}
{"level":"info","message":"Connected to mongodb://localhost/dev-connector ....","timestamp":"2019-04-09T20:22:14.309Z"}
{"level":"info","message":"Connected to mongodb://localhost/dev-connector ....","timestamp":"2019-04-09T20:22:26.695Z"}
{"level":"info","message":"Connected to mongodb://localhost/dev-connector ....","timestamp":"2019-04-09T20:22:49.234Z"}
{"level":"info","message":"Connected to mongodb://localhost/dev-connector ....","timestamp":"2019-04-09T20:22:55.423Z"}
{"level":"info","message":"Connected to mongodb://localhost/dev-connector ....","timestamp":"2019-04-09T20:23:03.990Z"}
{"level":"info","message":"Connected to mongodb://localhost/dev-connector ....","timestamp":"2019-04-09T20:23:32.907Z"}
{"level":"info","message":"Connected to mongodb://localhost/dev-connector ....","timestamp":"2019-04-09T20:23:36.376Z"}
{"level":"info","message":"Connected to mongodb://localhost/dev-connector ....","timestamp":"2019-04-09T20:23:55.178Z"}
{"level":"info","message":"Connected to mongodb://localhost/dev-connector ....","timestamp":"2019-04-09T20:24:16.266Z"}
{"level":"info","message":"Connected to mongodb://localhost/dev-connector ....","timestamp":"2019-04-09T20:24:23.595Z"}
{"level":"info","message":"Connected to mongodb://localhost/dev-connector ....","timestamp":"2019-04-09T20:24:57.841Z"}
{"level":"info","message":"Connected to mongodb://localhost/dev-connector ....","timestamp":"2019-04-10T15:03:59.338Z"}
{"level":"info","message":"Connected to mongodb://localhost/dev-connector ....","timestamp":"2019-04-10T15:05:18.338Z"}
{"level":"info","message":"Connected to mongodb://localhost/dev-connector ....","timestamp":"2019-04-10T15:05:21.678Z"}
{"level":"info","message":"Connected to mongodb://localhost/dev-connector ....","timestamp":"2019-04-10T15:09:19.865Z"}
{"level":"info","message":"Connected to mongodb://localhost/dev-connector ....","timestamp":"2019-04-10T15:11:33.680Z"}
{"level":"info","message":"Connected to mongodb://localhost/dev-connector ....","timestamp":"2019-04-10T15:14:39.578Z"}
{"level":"info","message":"Connected to mongodb://localhost/dev-connector ....","timestamp":"2019-04-10T15:18:55.180Z"}
{"level":"info","message":"Connected to mongodb://localhost/dev-connector ....","timestamp":"2019-04-10T15:19:42.233Z"}
{"level":"info","message":"Connected to mongodb://localhost/dev-connector ....","timestamp":"2019-04-10T15:32:51.114Z"}
{"level":"info","message":"Connected to mongodb://localhost/dev-connector ....","timestamp":"2019-04-10T15:37:19.218Z"}
{"level":"info","message":"Connected to mongodb://localhost/dev-connector ....","timestamp":"2019-04-10T15:40:05.024Z"}
{"level":"info","message":"Connected to mongodb://localhost/dev-connector ....","timestamp":"2019-04-10T15:40:42.427Z"}
{"level":"info","message":"Connected to mongodb://localhost/dev-connector ....","timestamp":"2019-04-10T15:40:57.069Z"}
{"level":"info","message":"Connected to mongodb://localhost/dev-connector ....","timestamp":"2019-04-10T15:41:00.989Z"}
{"level":"info","message":"Connected to mongodb://localhost/dev-connector ....","timestamp":"2019-04-10T15:42:33.969Z"}
{"level":"info","message":"Connected to mongodb://localhost/dev-connector ....","timestamp":"2019-04-10T15:43:38.172Z"}
{"level":"info","message":"Connected to mongodb://localhost/dev-connector ....","timestamp":"2019-04-10T15:44:07.369Z"}
{"level":"info","message":"Connected to mongodb://localhost/dev-connector ....","timestamp":"2019-04-10T15:49:20.834Z"}
{"level":"info","message":"Connected to mongodb://localhost/dev-connector ....","timestamp":"2019-04-10T15:49:40.722Z"}
{"level":"info","message":"Connected to mongodb://localhost/dev-connector ....","timestamp":"2019-04-10T15:55:30.361Z"}
{"level":"info","message":"Connected to mongodb://localhost/dev-connector ....","timestamp":"2019-04-10T15:55:47.511Z"}
{"level":"info","message":"Connected to mongodb://localhost/dev-connector ....","timestamp":"2019-04-10T15:56:32.773Z"}
{"level":"info","message":"Connected to mongodb://localhost/dev-connector ....","timestamp":"2019-04-10T15:56:53.856Z"}
{"level":"info","message":"Connected to mongodb://localhost/dev-connector ....","timestamp":"2019-04-10T15:58:08.619Z"}
{"level":"info","message":"Connected to mongodb://localhost/dev-connector ....","timestamp":"2019-04-10T16:00:48.973Z"}
{"level":"info","message":"Connected to mongodb://localhost/dev-connector ....","timestamp":"2019-04-10T16:03:13.541Z"}
{"level":"info","message":"Connected to mongodb://localhost/dev-connector ....","timestamp":"2019-04-10T16:04:44.358Z"}
{"level":"info","message":"Connected to mongodb://localhost/dev-connector ....","timestamp":"2019-04-10T16:07:02.891Z"}
{"level":"info","message":"Connected to mongodb://localhost/dev-connector ....","timestamp":"2019-04-10T16:07:16.097Z"}
{"level":"info","message":"Connected to mongodb://localhost/dev-connector ....","timestamp":"2019-04-10T16:07:31.529Z"}
{"level":"info","message":"Connected to mongodb://localhost/dev-connector ....","timestamp":"2019-04-10T16:08:15.850Z"}
{"level":"info","message":"Connected to mongodb://localhost/dev-connector ....","timestamp":"2019-04-10T16:09:44.786Z"}
{"level":"info","message":"Connected to mongodb://localhost/dev-connector ....","timestamp":"2019-04-10T16:11:13.657Z"}
{"level":"info","message":"Connected to mongodb://localhost/dev-connector ....","timestamp":"2019-04-10T16:13:29.151Z"}
{"level":"info","message":"Connected to mongodb://localhost/dev-connector ....","timestamp":"2019-04-10T16:16:16.945Z"}
{"level":"info","message":"Connected to mongodb://localhost/dev-connector ....","timestamp":"2019-04-10T16:16:35.758Z"}
{"level":"info","message":"Connected to mongodb://localhost/dev-connector ....","timestamp":"2019-04-10T16:32:23.982Z"}
{"level":"info","message":"Connected to mongodb://localhost/dev-connector ....","timestamp":"2019-04-10T16:32:42.413Z"}
{"level":"info","message":"Connected to mongodb://localhost/dev-connector ....","timestamp":"2019-04-10T16:33:18.711Z"}
{"level":"info","message":"Connected to mongodb://localhost/dev-connector ....","timestamp":"2019-04-10T16:33:44.889Z"}
{"level":"info","message":"Connected to mongodb://localhost/dev-connector ....","timestamp":"2019-04-10T17:05:20.653Z"}
{"level":"info","message":"Connected to mongodb://localhost/dev-connector ....","timestamp":"2019-04-10T17:05:32.557Z"}
{"level":"info","message":"Connected to mongodb://localhost/dev-connector ....","timestamp":"2019-04-10T17:06:02.976Z"}
{"level":"info","message":"Connected to mongodb://localhost/dev-connector ....","timestamp":"2019-04-10T17:06:56.690Z"}
{"level":"info","message":"Connected to mongodb://localhost/dev-connector ....","timestamp":"2019-04-10T17:07:23.115Z"}
{"level":"info","message":"Connected to mongodb://localhost/dev-connector ....","timestamp":"2019-04-10T17:09:52.639Z"}
{"level":"info","message":"Connected to mongodb://localhost/dev-connector ....","timestamp":"2019-04-10T17:11:22.608Z"}
{"level":"info","message":"Connected to mongodb://localhost/dev-connector ....","timestamp":"2019-04-10T17:12:41.984Z"}
{"level":"info","message":"Connected to mongodb://localhost/dev-connector ....","timestamp":"2019-04-10T17:13:04.202Z"}
{"level":"info","message":"Connected to mongodb://localhost/dev-connector ....","timestamp":"2019-04-10T17:16:18.881Z"}
{"level":"info","message":"Connected to mongodb://localhost/dev-connector ....","timestamp":"2019-04-10T17:17:52.038Z"}
{"level":"info","message":"Connected to mongodb://localhost/dev-connector ....","timestamp":"2019-04-10T17:18:26.945Z"}
{"level":"info","message":"Connected to mongodb://localhost/dev-connector ....","timestamp":"2019-04-10T17:18:43.224Z"}
{"level":"info","message":"Connected to mongodb://localhost/dev-connector ....","timestamp":"2019-04-10T17:18:52.341Z"}
{"level":"info","message":"Connected to mongodb://localhost/dev-connector ....","timestamp":"2019-04-10T17:19:31.987Z"}
{"level":"info","message":"Connected to mongodb://localhost/dev-connector ....","timestamp":"2019-04-10T17:22:00.901Z"}
{"level":"info","message":"Connected to mongodb://localhost/dev-connector ....","timestamp":"2019-04-10T17:31:32.172Z"}
{"level":"info","message":"Connected to mongodb://localhost/dev-connector ....","timestamp":"2019-04-10T17:33:32.278Z"}
{"level":"info","message":"Connected to mongodb://localhost/dev-connector ....","timestamp":"2019-04-10T18:25:16.015Z"}
{"level":"info","message":"Connected to mongodb://localhost/dev-connector ....","timestamp":"2019-04-10T18:25:24.946Z"}
{"level":"info","message":"Connected to mongodb://localhost/dev-connector ....","timestamp":"2019-04-10T18:26:22.594Z"}
{"level":"info","message":"Connected to mongodb://localhost/dev-connector ....","timestamp":"2019-04-10T18:26:28.802Z"}
{"level":"info","message":"Connected to mongodb://localhost/dev-connector ....","timestamp":"2019-04-10T18:26:37.484Z"}
{"level":"info","message":"Connected to mongodb://localhost/dev-connector ....","timestamp":"2019-04-10T18:26:45.529Z"}
{"level":"info","message":"Connected to mongodb://localhost/dev-connector ....","timestamp":"2019-04-10T18:43:12.830Z"}
{"level":"info","message":"Connected to mongodb://localhost/dev-connector ....","timestamp":"2019-04-10T18:43:18.824Z"}
{"level":"info","message":"Connected to mongodb://localhost/dev-connector ....","timestamp":"2019-04-10T18:46:18.746Z"}
{"level":"info","message":"Connected to mongodb://localhost/dev-connector ....","timestamp":"2019-04-10T18:47:04.919Z"}
{"level":"info","message":"Connected to mongodb://localhost/dev-connector ....","timestamp":"2019-04-10T18:49:06.845Z"}
{"level":"info","message":"Connected to mongodb://localhost/dev-connector ....","timestamp":"2019-04-10T18:50:14.376Z"}
{"level":"info","message":"Connected to mongodb://localhost/dev-connector ....","timestamp":"2019-04-10T18:51:26.377Z"}
{"level":"info","message":"Connected to mongodb://localhost/dev-connector ....","timestamp":"2019-04-10T18:53:37.322Z"}
{"level":"info","message":"Connected to mongodb://localhost/dev-connector ....","timestamp":"2019-04-10T18:53:55.899Z"}
{"level":"info","message":"Connected to mongodb://localhost/dev-connector ....","timestamp":"2019-04-10T18:55:14.185Z"}
{"level":"info","message":"Connected to mongodb://localhost/dev-connector ....","timestamp":"2019-04-10T18:56:25.967Z"}
{"level":"info","message":"Connected to mongodb://localhost/dev-connector ....","timestamp":"2019-04-10T18:57:59.710Z"}
{"level":"info","message":"Connected to mongodb://localhost/dev-connector ....","timestamp":"2019-04-10T18:59:31.116Z"}
{"level":"info","message":"Connected to mongodb://localhost/dev-connector ....","timestamp":"2019-04-10T19:00:25.042Z"}
{"level":"info","message":"Connected to mongodb://localhost/dev-connector ....","timestamp":"2019-04-10T19:01:00.339Z"}
{"level":"info","message":"Connected to mongodb://localhost/dev-connector ....","timestamp":"2019-04-10T19:01:16.360Z"}
{"level":"info","message":"Connected to mongodb://localhost/dev-connector ....","timestamp":"2019-04-10T19:03:55.640Z"}
{"level":"info","message":"Connected to mongodb://localhost/dev-connector ....","timestamp":"2019-04-10T19:04:12.125Z"}
{"level":"info","message":"Connected to mongodb://localhost/dev-connector ....","timestamp":"2019-04-10T19:07:42.280Z"}
{"level":"info","message":"Connected to mongodb://localhost/dev-connector ....","timestamp":"2019-04-10T19:08:02.930Z"}
{"level":"info","message":"Connected to mongodb://localhost/dev-connector ....","timestamp":"2019-04-10T19:08:12.855Z"}
{"level":"info","message":"Connected to mongodb://localhost/dev-connector ....","timestamp":"2019-04-10T19:11:13.828Z"}
{"level":"info","message":"Connected to mongodb://localhost/dev-connector ....","timestamp":"2019-04-10T19:11:51.922Z"}
{"level":"info","message":"Connected to mongodb://localhost/dev-connector ....","timestamp":"2019-04-10T19:11:59.464Z"}
{"level":"info","message":"Connected to mongodb://localhost/dev-connector ....","timestamp":"2019-04-10T19:12:14.076Z"}
{"level":"info","message":"Connected to mongodb://localhost/dev-connector ....","timestamp":"2019-04-10T19:12:46.614Z"}
{"level":"info","message":"Connected to mongodb://localhost/dev-connector ....","timestamp":"2019-04-10T19:14:16.685Z"}
{"level":"info","message":"Connected to mongodb://localhost/dev-connector ....","timestamp":"2019-04-10T19:16:27.685Z"}
{"level":"info","message":"Connected to mongodb://localhost/dev-connector ....","timestamp":"2019-04-10T19:17:34.791Z"}
{"level":"info","message":"Connected to mongodb://localhost/dev-connector ....","timestamp":"2019-04-10T19:17:43.575Z"}
{"level":"info","message":"Connected to mongodb://localhost/dev-connector ....","timestamp":"2019-04-10T19:17:49.742Z"}
{"level":"info","message":"Connected to mongodb://localhost/dev-connector ....","timestamp":"2019-04-10T19:18:47.808Z"}
{"level":"info","message":"Connected to mongodb://localhost/dev-connector ....","timestamp":"2019-04-10T19:19:12.465Z"}
{"level":"info","message":"Connected to mongodb://localhost/dev-connector ....","timestamp":"2019-04-10T19:19:17.176Z"}
{"level":"info","message":"Connected to mongodb://localhost/dev-connector ....","timestamp":"2019-04-10T19:20:11.273Z"}
{"level":"info","message":"Connected to mongodb://localhost/dev-connector ....","timestamp":"2019-04-10T19:20:58.423Z"}
{"level":"info","message":"Connected to mongodb://localhost/dev-connector ....","timestamp":"2019-04-10T19:21:23.269Z"}
{"level":"info","message":"Connected to mongodb://localhost/dev-connector ....","timestamp":"2019-04-10T19:21:45.219Z"}
{"level":"info","message":"Connected to mongodb://localhost/dev-connector ....","timestamp":"2019-04-10T19:21:56.321Z"}
{"level":"info","message":"Connected to mongodb://localhost/dev-connector ....","timestamp":"2019-04-10T19:22:36.755Z"}
{"level":"info","message":"Connected to mongodb://localhost/dev-connector ....","timestamp":"2019-04-10T19:24:23.643Z"}
{"level":"info","message":"Connected to mongodb://localhost/dev-connector ....","timestamp":"2019-04-10T19:24:50.129Z"}
{"level":"info","message":"Connected to mongodb://localhost/dev-connector ....","timestamp":"2019-04-10T19:25:12.267Z"}
{"level":"info","message":"Connected to mongodb://localhost/dev-connector ....","timestamp":"2019-04-10T19:26:11.994Z"}
{"level":"info","message":"Connected to mongodb://localhost/dev-connector ....","timestamp":"2019-04-10T19:27:15.997Z"}
{"level":"info","message":"Connected to mongodb://localhost/dev-connector ....","timestamp":"2019-04-10T19:30:32.637Z"}
{"level":"info","message":"Connected to mongodb://localhost/dev-connector ....","timestamp":"2019-04-10T19:32:49.462Z"}
{"level":"info","message":"Connected to mongodb://localhost/dev-connector ....","timestamp":"2019-04-10T19:32:58.224Z"}
{"level":"info","message":"Connected to mongodb://localhost/dev-connector ....","timestamp":"2019-04-10T19:34:34.986Z"}
{"level":"info","message":"Connected to mongodb://localhost/dev-connector ....","timestamp":"2019-04-10T19:36:03.535Z"}
{"level":"info","message":"Connected to mongodb://localhost/dev-connector ....","timestamp":"2019-04-10T19:36:56.060Z"}
{"level":"info","message":"Connected to mongodb://localhost/dev-connector ....","timestamp":"2019-04-10T19:37:02.419Z"}
{"level":"info","message":"Connected to mongodb://localhost/dev-connector ....","timestamp":"2019-04-10T19:37:53.920Z"}
{"level":"info","message":"Connected to mongodb://localhost/dev-connector ....","timestamp":"2019-04-10T19:38:40.442Z"}
{"level":"info","message":"Connected to mongodb://localhost/dev-connector ....","timestamp":"2019-04-10T19:39:13.856Z"}
{"level":"info","message":"Connected to mongodb://localhost/dev-connector ....","timestamp":"2019-04-10T19:39:32.358Z"}
{"level":"info","message":"Connected to mongodb://localhost/dev-connector ....","timestamp":"2019-04-10T19:40:02.058Z"}
{"level":"info","message":"Connected to mongodb://localhost/dev-connector ....","timestamp":"2019-04-10T19:40:05.804Z"}
{"level":"info","message":"Connected to mongodb://localhost/dev-connector ....","timestamp":"2019-04-11T16:39:39.937Z"}
{"level":"info","message":"Connected to mongodb://localhost/dev-connector ....","timestamp":"2019-04-11T16:41:02.491Z"}
{"level":"info","message":"Connected to mongodb://localhost/dev-connector ....","timestamp":"2019-04-11T16:45:32.910Z"}
{"level":"info","message":"Connected to mongodb://localhost/dev-connector ....","timestamp":"2019-04-11T17:38:52.572Z"}
{"level":"info","message":"Connected to mongodb://localhost/dev-connector ....","timestamp":"2019-04-11T17:41:05.564Z"}
{"level":"info","message":"Connected to mongodb://localhost/dev-connector ....","timestamp":"2019-04-11T17:47:20.057Z"}
{"level":"info","message":"Connected to mongodb://localhost/dev-connector ....","timestamp":"2019-04-11T17:49:20.232Z"}
{"level":"info","message":"Connected to mongodb://localhost/dev-connector ....","timestamp":"2019-04-11T17:53:21.890Z"}
{"level":"info","message":"Connected to mongodb://localhost/dev-connector ....","timestamp":"2019-04-11T17:53:39.819Z"}
{"level":"info","message":"Connected to mongodb://localhost/dev-connector ....","timestamp":"2019-04-11T17:53:43.837Z"}
{"level":"info","message":"Connected to mongodb://localhost/dev-connector ....","timestamp":"2019-04-11T17:54:42.283Z"}
{"level":"info","message":"Connected to mongodb://localhost/dev-connector ....","timestamp":"2019-04-11T17:55:17.174Z"}
{"level":"info","message":"Connected to mongodb://localhost/dev-connector ....","timestamp":"2019-04-11T17:55:32.101Z"}
{"level":"info","message":"Connected to mongodb://localhost/dev-connector ....","timestamp":"2019-04-11T17:55:54.236Z"}
{"level":"info","message":"Connected to mongodb://localhost/dev-connector ....","timestamp":"2019-04-11T18:01:54.016Z"}
{"level":"info","message":"Connected to mongodb://localhost/dev-connector ....","timestamp":"2019-04-11T18:02:09.673Z"}
{"level":"info","message":"Connected to mongodb://localhost/dev-connector ....","timestamp":"2019-04-11T18:02:25.879Z"}
{"level":"info","message":"Connected to mongodb://localhost/dev-connector ....","timestamp":"2019-04-11T18:02:31.821Z"}
{"level":"info","message":"Connected to mongodb://localhost/dev-connector ....","timestamp":"2019-04-11T18:02:40.454Z"}
{"level":"info","message":"Connected to mongodb://localhost/dev-connector ....","timestamp":"2019-04-11T18:04:49.483Z"}
{"level":"info","message":"Connected to mongodb://localhost/dev-connector ....","timestamp":"2019-04-11T18:06:13.242Z"}
{"level":"info","message":"Connected to mongodb://localhost/dev-connector ....","timestamp":"2019-04-11T18:10:42.502Z"}
{"level":"info","message":"Connected to mongodb://localhost/dev-connector ....","timestamp":"2019-04-11T18:12:06.125Z"}
{"level":"info","message":"Connected to mongodb://localhost/dev-connector ....","timestamp":"2019-04-11T18:12:24.689Z"}
{"level":"info","message":"Connected to mongodb://localhost/dev-connector ....","timestamp":"2019-04-11T18:12:54.044Z"}
{"level":"info","message":"Connected to mongodb://localhost/dev-connector ....","timestamp":"2019-04-11T18:13:13.548Z"}
{"level":"info","message":"Connected to mongodb://localhost/dev-connector ....","timestamp":"2019-04-11T18:14:23.565Z"}
{"level":"info","message":"Connected to mongodb://localhost/dev-connector ....","timestamp":"2019-04-11T18:17:00.759Z"}
{"level":"info","message":"Connected to mongodb://localhost/dev-connector ....","timestamp":"2019-04-11T18:17:07.575Z"}
{"level":"info","message":"Connected to mongodb://localhost/dev-connector ....","timestamp":"2019-04-11T18:17:42.049Z"}
{"level":"info","message":"Connected to mongodb://localhost/dev-connector ....","timestamp":"2019-04-11T18:18:30.260Z"}
{"level":"info","message":"Connected to mongodb://localhost/dev-connector ....","timestamp":"2019-04-11T18:18:36.805Z"}
{"level":"info","message":"Connected to mongodb://localhost/dev-connector ....","timestamp":"2019-04-11T18:19:23.586Z"}
{"level":"info","message":"Connected to mongodb://localhost/dev-connector ....","timestamp":"2019-04-11T18:20:28.844Z"}
{"level":"info","message":"Connected to mongodb://localhost/dev-connector ....","timestamp":"2019-04-11T18:22:24.474Z"}
{"level":"info","message":"Connected to mongodb://localhost/dev-connector ....","timestamp":"2019-04-11T18:22:30.943Z"}
{"level":"info","message":"Connected to mongodb://localhost/dev-connector ....","timestamp":"2019-04-11T18:25:37.733Z"}
{"level":"info","message":"Connected to mongodb://localhost/dev-connector ....","timestamp":"2019-04-11T18:26:21.170Z"}
{"level":"info","message":"Connected to mongodb://localhost/dev-connector ....","timestamp":"2019-04-11T18:27:24.105Z"}
{"level":"info","message":"Connected to mongodb://localhost/dev-connector ....","timestamp":"2019-04-11T18:28:29.716Z"}
{"level":"info","message":"Connected to mongodb://localhost/dev-connector ....","timestamp":"2019-04-11T18:29:19.815Z"}
{"level":"info","message":"Connected to mongodb://localhost/dev-connector ....","timestamp":"2019-04-11T18:31:07.604Z"}
{"level":"info","message":"Connected to mongodb://localhost/dev-connector ....","timestamp":"2019-04-11T18:31:23.042Z"}
{"level":"info","message":"Connected to mongodb://localhost/dev-connector ....","timestamp":"2019-04-11T18:33:08.025Z"}
{"level":"info","message":"Connected to mongodb://localhost/dev-connector ....","timestamp":"2019-04-11T18:33:49.378Z"}
{"level":"info","message":"Connected to mongodb://localhost/dev-connector ....","timestamp":"2019-04-11T18:34:57.553Z"}
{"level":"info","message":"Connected to mongodb://localhost/dev-connector ....","timestamp":"2019-04-11T18:35:13.190Z"}
{"level":"info","message":"Connected to mongodb://localhost/dev-connector ....","timestamp":"2019-04-11T18:35:28.292Z"}
{"level":"info","message":"Connected to mongodb://localhost/dev-connector ....","timestamp":"2019-04-11T18:37:06.263Z"}
{"level":"info","message":"Connected to mongodb://localhost/dev-connector ....","timestamp":"2019-04-11T18:37:21.238Z"}
{"level":"info","message":"Connected to mongodb://localhost/dev-connector ....","timestamp":"2019-04-11T18:38:40.096Z"}
{"level":"info","message":"Connected to mongodb://localhost/dev-connector ....","timestamp":"2019-04-11T18:39:11.812Z"}
{"level":"info","message":"Connected to mongodb://localhost/dev-connector ....","timestamp":"2019-04-11T18:41:59.275Z"}
{"level":"info","message":"Connected to mongodb://localhost/dev-connector ....","timestamp":"2019-04-11T18:42:46.340Z"}
{"level":"info","message":"Connected to mongodb://localhost/dev-connector ....","timestamp":"2019-04-11T18:44:05.869Z"}
{"level":"info","message":"Connected to mongodb://localhost/dev-connector ....","timestamp":"2019-04-11T18:44:10.437Z"}
{"level":"info","message":"Connected to mongodb://localhost/dev-connector ....","timestamp":"2019-04-11T18:47:22.054Z"}
{"level":"info","message":"Connected to mongodb://localhost/dev-connector ....","timestamp":"2019-04-12T11:10:23.067Z"}
{"level":"info","message":"Connected to mongodb://localhost/dev-connector ....","timestamp":"2019-04-12T11:14:03.827Z"}
{"level":"info","message":"Connected to mongodb://localhost/dev-connector ....","timestamp":"2019-04-12T11:45:03.067Z"}
{"level":"info","message":"Connected to mongodb://localhost/dev-connector ....","timestamp":"2019-04-12T11:49:08.522Z"}
{"level":"info","message":"Connected to mongodb://localhost/dev-connector ....","timestamp":"2019-04-12T11:55:56.150Z"}
{"level":"info","message":"Connected to mongodb://localhost/dev-connector ....","timestamp":"2019-04-12T11:56:31.458Z"}
{"level":"info","message":"Connected to mongodb://localhost/dev-connector ....","timestamp":"2019-04-12T11:56:46.551Z"}
{"level":"info","message":"Connected to mongodb://localhost/dev-connector ....","timestamp":"2019-04-12T12:00:20.169Z"}
{"level":"info","message":"Connected to mongodb://localhost/dev-connector ....","timestamp":"2019-04-12T12:04:13.131Z"}
{"level":"info","message":"Connected to mongodb://localhost/dev-connector ....","timestamp":"2019-04-12T12:04:28.907Z"}
{"level":"info","message":"Connected to mongodb://localhost/dev-connector ....","timestamp":"2019-04-12T12:04:53.595Z"}
{"level":"info","message":"Connected to mongodb://localhost/dev-connector ....","timestamp":"2019-04-12T12:05:50.654Z"}
{"level":"info","message":"Connected to mongodb://localhost/dev-connector ....","timestamp":"2019-04-12T12:06:10.097Z"}
{"level":"info","message":"Connected to mongodb://localhost/dev-connector ....","timestamp":"2019-04-12T12:21:57.971Z"}
{"level":"info","message":"Connected to mongodb://localhost/dev-connector ....","timestamp":"2019-04-12T12:22:06.108Z"}
{"level":"info","message":"Connected to mongodb://localhost/dev-connector ....","timestamp":"2019-04-12T12:26:52.301Z"}
{"level":"info","message":"Connected to mongodb://localhost/dev-connector ....","timestamp":"2019-04-12T12:34:36.781Z"}
{"level":"info","message":"Connected to mongodb://localhost/dev-connector ....","timestamp":"2019-04-12T12:36:57.997Z"}
{"level":"info","message":"Connected to mongodb://localhost/dev-connector ....","timestamp":"2019-04-12T12:37:49.116Z"}
{"level":"info","message":"Connected to mongodb://localhost/dev-connector ....","timestamp":"2019-04-12T12:38:17.003Z"}
{"level":"info","message":"Connected to mongodb://localhost/dev-connector ....","timestamp":"2019-04-12T12:38:22.298Z"}
{"level":"info","message":"Connected to mongodb://localhost/dev-connector ....","timestamp":"2019-04-12T12:38:54.627Z"}
{"level":"info","message":"Connected to mongodb://localhost/dev-connector ....","timestamp":"2019-04-12T12:49:05.243Z"}
{"level":"info","message":"Connected to mongodb://localhost/dev-connector ....","timestamp":"2019-04-12T12:49:33.080Z"}
{"level":"info","message":"Connected to mongodb://localhost/dev-connector ....","timestamp":"2019-04-12T12:49:58.728Z"}
{"level":"info","message":"Connected to mongodb://localhost/dev-connector ....","timestamp":"2019-04-12T12:50:47.764Z"}
{"level":"info","message":"Connected to mongodb://localhost/dev-connector ....","timestamp":"2019-04-12T12:51:30.991Z"}
{"level":"info","message":"Connected to mongodb://localhost/dev-connector ....","timestamp":"2019-04-12T12:51:43.560Z"}
{"level":"info","message":"Connected to mongodb://localhost/dev-connector ....","timestamp":"2019-04-12T13:16:15.296Z"}
{"level":"info","message":"Connected to mongodb://localhost/dev-connector ....","timestamp":"2019-04-12T13:20:45.625Z"}
{"level":"info","message":"Connected to mongodb://localhost/dev-connector ....","timestamp":"2019-04-12T13:23:14.120Z"}
{"level":"info","message":"Connected to mongodb://localhost/dev-connector ....","timestamp":"2019-04-12T13:23:27.370Z"}
{"level":"info","message":"Connected to mongodb://localhost/dev-connector ....","timestamp":"2019-04-12T13:25:06.051Z"}
{"level":"info","message":"Connected to mongodb://localhost/dev-connector ....","timestamp":"2019-04-12T13:26:54.090Z"}
{"level":"info","message":"Connected to mongodb://localhost/dev-connector ....","timestamp":"2019-04-12T13:27:04.772Z"}
{"level":"info","message":"Connected to mongodb://localhost/dev-connector ....","timestamp":"2019-04-12T13:27:48.571Z"}
{"level":"info","message":"Connected to mongodb://localhost/dev-connector ....","timestamp":"2019-04-12T13:30:49.550Z"}
{"level":"info","message":"Connected to mongodb://localhost/dev-connector ....","timestamp":"2019-04-12T13:32:52.178Z"}
{"level":"info","message":"Connected to mongodb://localhost/dev-connector ....","timestamp":"2019-04-12T13:34:25.816Z"}
{"level":"info","message":"Connected to mongodb://localhost/dev-connector ....","timestamp":"2019-04-12T13:35:56.492Z"}
{"level":"info","message":"Connected to mongodb://localhost/dev-connector ....","timestamp":"2019-04-12T13:36:03.063Z"}
{"level":"info","message":"Connected to mongodb://localhost/dev-connector ....","timestamp":"2019-04-12T13:37:40.536Z"}
{"level":"info","message":"Connected to mongodb://localhost/dev-connector ....","timestamp":"2019-04-12T13:37:49.296Z"}
{"level":"info","message":"Connected to mongodb://localhost/dev-connector ....","timestamp":"2019-04-12T13:38:58.418Z"}
{"level":"info","message":"Connected to mongodb://localhost/dev-connector ....","timestamp":"2019-04-12T13:45:33.669Z"}
{"level":"info","message":"Connected to mongodb://localhost/dev-connector ....","timestamp":"2019-04-12T13:45:59.670Z"}
{"level":"info","message":"Connected to mongodb://localhost/dev-connector ....","timestamp":"2019-04-12T13:46:29.545Z"}
{"level":"info","message":"Connected to mongodb://localhost/dev-connector ....","timestamp":"2019-04-12T13:49:57.109Z"}
{"level":"info","message":"Connected to mongodb://localhost/dev-connector ....","timestamp":"2019-04-12T13:55:31.652Z"}
{"level":"info","message":"Connected to mongodb://localhost/dev-connector ....","timestamp":"2019-04-12T14:00:15.525Z"}
{"level":"info","message":"Connected to mongodb://localhost/dev-connector ....","timestamp":"2019-04-12T14:06:00.705Z"}
{"level":"info","message":"Connected to mongodb://localhost/dev-connector ....","timestamp":"2019-04-12T14:07:11.276Z"}
{"level":"info","message":"Connected to mongodb://localhost/dev-connector ....","timestamp":"2019-04-12T14:11:43.754Z"}
{"level":"info","message":"Connected to mongodb://localhost/dev-connector ....","timestamp":"2019-04-12T14:12:27.217Z"}
{"level":"info","message":"Connected to mongodb://localhost/dev-connector ....","timestamp":"2019-04-12T14:12:53.052Z"}
{"level":"info","message":"Connected to mongodb://localhost/dev-connector ....","timestamp":"2019-04-13T15:31:30.194Z"}
{"level":"info","message":"Connected to mongodb://localhost/dev-connector ....","timestamp":"2019-04-13T15:41:48.693Z"}
{"level":"info","message":"Connected to mongodb://localhost/dev-connector ....","timestamp":"2019-04-13T15:48:51.205Z"}
{"level":"info","message":"Connected to mongodb://localhost/dev-connector ....","timestamp":"2019-04-13T15:52:01.106Z"}
{"level":"info","message":"Connected to mongodb://localhost/dev-connector ....","timestamp":"2019-04-13T15:52:29.517Z"}
{"level":"info","message":"Connected to mongodb://localhost/dev-connector ....","timestamp":"2019-04-13T15:52:41.983Z"}
{"level":"info","message":"Connected to mongodb://localhost/dev-connector ....","timestamp":"2019-04-13T15:52:50.761Z"}
{"level":"info","message":"Connected to mongodb://localhost/dev-connector ....","timestamp":"2019-04-13T15:58:32.477Z"}
{"level":"info","message":"Connected to mongodb://localhost/dev-connector ....","timestamp":"2019-04-13T15:59:54.465Z"}
{"level":"info","message":"Connected to mongodb://localhost/dev-connector ....","timestamp":"2019-04-13T16:00:12.074Z"}
{"level":"info","message":"Connected to mongodb://localhost/dev-connector ....","timestamp":"2019-04-13T16:02:00.807Z"}
{"level":"info","message":"Connected to mongodb://localhost/dev-connector ....","timestamp":"2019-04-13T16:02:58.325Z"}
{"level":"info","message":"Connected to mongodb://localhost/dev-connector ....","timestamp":"2019-04-13T16:03:22.600Z"}
{"level":"info","message":"Connected to mongodb://localhost/dev-connector ....","timestamp":"2019-04-13T16:03:25.360Z"}
{"level":"info","message":"Connected to mongodb://localhost/dev-connector ....","timestamp":"2019-04-13T16:03:31.768Z"}
{"level":"info","message":"Connected to mongodb://localhost/dev-connector ....","timestamp":"2019-04-13T16:04:57.205Z"}
{"level":"info","message":"Connected to mongodb://localhost/dev-connector ....","timestamp":"2019-04-13T16:05:19.447Z"}
{"level":"info","message":"Connected to mongodb://localhost/dev-connector ....","timestamp":"2019-04-13T16:05:22.524Z"}
{"level":"info","message":"Connected to mongodb://localhost/dev-connector ....","timestamp":"2019-04-13T16:05:42.852Z"}
{"level":"info","message":"Connected to mongodb://localhost/dev-connector ....","timestamp":"2019-04-13T16:05:49.812Z"}
{"level":"info","message":"Connected to mongodb://localhost/dev-connector ....","timestamp":"2019-04-13T16:14:20.513Z"}
{"level":"info","message":"Connected to mongodb://localhost/dev-connector ....","timestamp":"2019-04-13T16:18:01.047Z"}
{"level":"info","message":"Connected to mongodb://localhost/dev-connector ....","timestamp":"2019-04-13T16:20:14.307Z"}
{"level":"info","message":"Connected to mongodb://localhost/dev-connector ....","timestamp":"2019-04-13T16:24:24.881Z"}
{"level":"info","message":"Connected to mongodb://localhost/dev-connector ....","timestamp":"2019-04-13T16:25:34.029Z"}
{"level":"info","message":"Connected to mongodb://localhost/dev-connector ....","timestamp":"2019-04-13T16:27:35.794Z"}
{"level":"info","message":"Connected to mongodb://localhost/dev-connector ....","timestamp":"2019-04-13T16:27:40.431Z"}
{"level":"info","message":"Connected to mongodb://localhost/dev-connector ....","timestamp":"2019-04-13T16:28:14.845Z"}
{"level":"info","message":"Connected to mongodb://localhost/dev-connector ....","timestamp":"2019-04-13T16:31:51.046Z"}
{"level":"info","message":"Connected to mongodb://localhost/dev-connector ....","timestamp":"2019-04-13T17:01:30.723Z"}
{"level":"info","message":"Connected to mongodb://localhost/dev-connector ....","timestamp":"2019-04-13T17:03:50.711Z"}
{"level":"info","message":"Connected to mongodb://localhost/dev-connector ....","timestamp":"2019-04-13T18:30:49.225Z"}
{"level":"info","message":"Connected to mongodb://localhost/dev-connector ....","timestamp":"2019-04-13T18:31:26.267Z"}
{"level":"info","message":"Connected to mongodb://localhost/dev-connector ....","timestamp":"2019-04-13T18:31:40.700Z"}
{"level":"info","message":"Connected to mongodb://localhost/dev-connector ....","timestamp":"2019-04-13T18:33:43.596Z"}
{"level":"info","message":"Connected to mongodb://localhost/dev-connector ....","timestamp":"2019-04-13T18:36:28.104Z"}
{"level":"info","message":"Connected to mongodb://localhost/dev-connector ....","timestamp":"2019-04-13T18:37:51.251Z"}
{"level":"info","message":"Connected to mongodb://localhost/dev-connector ....","timestamp":"2019-04-13T18:42:37.926Z"}
{"level":"info","message":"Connected to mongodb://localhost/dev-connector ....","timestamp":"2019-04-13T18:43:20.660Z"}
{"level":"info","message":"Connected to mongodb://localhost/dev-connector ....","timestamp":"2019-04-13T18:44:18.682Z"}
{"level":"info","message":"Connected to mongodb://localhost/dev-connector ....","timestamp":"2019-04-13T18:44:50.766Z"}
{"level":"info","message":"Connected to mongodb://localhost/dev-connector ....","timestamp":"2019-04-13T18:47:23.801Z"}
{"level":"info","message":"Connected to mongodb://localhost/dev-connector ....","timestamp":"2019-04-13T18:47:54.556Z"}
{"level":"info","message":"Connected to mongodb://localhost/dev-connector ....","timestamp":"2019-04-13T18:50:14.885Z"}
{"level":"info","message":"Connected to mongodb://localhost/dev-connector ....","timestamp":"2019-04-13T18:50:44.790Z"}
{"level":"info","message":"Connected to mongodb://localhost/dev-connector ....","timestamp":"2019-04-13T18:57:00.922Z"}
{"level":"info","message":"Connected to mongodb://localhost/dev-connector ....","timestamp":"2019-04-13T18:57:16.889Z"}
{"level":"info","message":"Connected to mongodb://localhost/dev-connector ....","timestamp":"2019-04-13T19:07:14.643Z"}
{"level":"info","message":"Connected to mongodb://localhost/dev-connector ....","timestamp":"2019-04-13T19:10:30.335Z"}
{"level":"info","message":"Connected to mongodb://localhost/dev-connector ....","timestamp":"2019-04-13T19:10:44.014Z"}
{"level":"info","message":"Connected to mongodb://localhost/dev-connector ....","timestamp":"2019-04-13T19:11:07.413Z"}
{"level":"info","message":"Connected to mongodb://localhost/dev-connector ....","timestamp":"2019-04-13T19:15:37.257Z"}
{"level":"info","message":"Connected to mongodb://localhost/dev-connector ....","timestamp":"2019-04-14T16:36:42.061Z"}
{"level":"info","message":"Connected to mongodb://localhost/dev-connector ....","timestamp":"2019-04-14T16:39:00.016Z"}
{"level":"info","message":"Connected to mongodb://localhost/dev-connector ....","timestamp":"2019-04-14T16:45:13.608Z"}
{"level":"info","message":"Connected to mongodb://localhost/dev-connector ....","timestamp":"2019-04-14T16:45:58.842Z"}
{"level":"info","message":"Connected to mongodb://localhost/dev-connector ....","timestamp":"2019-04-14T16:49:22.118Z"}
{"level":"info","message":"Connected to mongodb://localhost/dev-connector ....","timestamp":"2019-04-14T16:49:43.524Z"}
{"level":"info","message":"Connected to mongodb://localhost/dev-connector ....","timestamp":"2019-04-14T17:04:43.769Z"}
{"level":"info","message":"Connected to mongodb://localhost/dev-connector ....","timestamp":"2019-04-14T17:05:14.959Z"}
{"level":"info","message":"Connected to mongodb://localhost/dev-connector ....","timestamp":"2019-04-14T17:05:57.084Z"}
{"level":"info","message":"Connected to mongodb://localhost/dev-connector ....","timestamp":"2019-04-14T17:08:47.419Z"}
{"level":"info","message":"Connected to mongodb://localhost/dev-connector ....","timestamp":"2019-04-14T17:12:48.564Z"}
{"level":"info","message":"Connected to mongodb://localhost/dev-connector ....","timestamp":"2019-04-14T17:13:43.488Z"}
{"level":"info","message":"Connected to mongodb://localhost/dev-connector ....","timestamp":"2019-04-14T17:15:12.149Z"}
{"level":"info","message":"Connected to mongodb://localhost/dev-connector ....","timestamp":"2019-04-14T17:23:05.375Z"}
{"level":"info","message":"Connected to mongodb://localhost/dev-connector ....","timestamp":"2019-04-14T17:24:49.569Z"}
{"level":"info","message":"Connected to mongodb://localhost/dev-connector ....","timestamp":"2019-04-14T17:28:30.230Z"}
{"level":"info","message":"Connected to mongodb://localhost/dev-connector ....","timestamp":"2019-04-14T17:29:01.071Z"}
{"level":"info","message":"Connected to mongodb://localhost/dev-connector ....","timestamp":"2019-04-14T17:31:57.230Z"}
{"level":"info","message":"Connected to mongodb://localhost/dev-connector ....","timestamp":"2019-04-14T17:33:01.971Z"}
{"level":"info","message":"Connected to mongodb://localhost/dev-connector ....","timestamp":"2019-04-14T17:33:28.024Z"}
{"level":"info","message":"Connected to mongodb://localhost/dev-connector ....","timestamp":"2019-04-14T17:33:51.783Z"}
{"level":"info","message":"Connected to mongodb://localhost/dev-connector ....","timestamp":"2019-04-14T17:34:51.907Z"}
{"level":"info","message":"Connected to mongodb://localhost/dev-connector ....","timestamp":"2019-04-14T17:35:40.428Z"}
{"level":"info","message":"Connected to mongodb://localhost/dev-connector ....","timestamp":"2019-04-14T18:58:03.079Z"}
{"level":"info","message":"Connected to mongodb://localhost/dev-connector ....","timestamp":"2019-04-14T19:03:52.182Z"}
{"level":"info","message":"Connected to mongodb://localhost/dev-connector ....","timestamp":"2019-04-14T19:04:09.027Z"}
{"level":"info","message":"Connected to mongodb://localhost/dev-connector ....","timestamp":"2019-04-14T19:08:40.601Z"}
{"level":"info","message":"Connected to mongodb://localhost/dev-connector ....","timestamp":"2019-04-14T19:11:22.887Z"}
{"level":"info","message":"Connected to mongodb://localhost/dev-connector ....","timestamp":"2019-04-14T19:11:50.280Z"}
{"level":"info","message":"Connected to mongodb://localhost/dev-connector ....","timestamp":"2019-04-14T19:13:31.164Z"}
{"level":"info","message":"Connected to mongodb://localhost/dev-connector ....","timestamp":"2019-04-14T19:15:29.336Z"}
{"level":"info","message":"Connected to mongodb://localhost/dev-connector ....","timestamp":"2019-04-14T19:16:02.082Z"}
{"level":"info","message":"Connected to mongodb://localhost/dev-connector ....","timestamp":"2019-04-14T19:17:17.208Z"}
{"level":"info","message":"Connected to mongodb://localhost/dev-connector ....","timestamp":"2019-04-14T19:18:18.823Z"}
{"level":"info","message":"Connected to mongodb://localhost/dev-connector ....","timestamp":"2019-04-14T19:20:44.822Z"}
{"level":"info","message":"Connected to mongodb://localhost/dev-connector ....","timestamp":"2019-04-14T19:21:22.251Z"}
{"level":"info","message":"Connected to mongodb://localhost/dev-connector ....","timestamp":"2019-04-14T19:22:07.249Z"}
{"level":"info","message":"Connected to mongodb://localhost/dev-connector ....","timestamp":"2019-04-14T19:22:16.066Z"}
{"level":"info","message":"Connected to mongodb://localhost/dev-connector ....","timestamp":"2019-04-14T19:25:01.271Z"}
{"level":"info","message":"Connected to mongodb://localhost/dev-connector ....","timestamp":"2019-04-14T19:26:31.232Z"}
{"level":"info","message":"Connected to mongodb://localhost/dev-connector ....","timestamp":"2019-04-14T19:29:05.160Z"}
{"level":"info","message":"Connected to mongodb://localhost/dev-connector ....","timestamp":"2019-04-14T19:29:36.766Z"}
{"level":"info","message":"Connected to mongodb://localhost/dev-connector ....","timestamp":"2019-04-14T19:30:28.257Z"}
{"level":"info","message":"Connected to mongodb://localhost/dev-connector ....","timestamp":"2019-04-14T19:31:55.867Z"}
{"level":"info","message":"Connected to mongodb://localhost/dev-connector ....","timestamp":"2019-04-14T19:37:59.291Z"}
{"level":"info","message":"Connected to mongodb://localhost/dev-connector ....","timestamp":"2019-04-14T19:38:40.588Z"}
{"level":"info","message":"Connected to mongodb://localhost/dev-connector ....","timestamp":"2019-04-14T19:39:03.457Z"}
{"level":"info","message":"Connected to mongodb://localhost/dev-connector ....","timestamp":"2019-04-15T13:31:29.630Z"}
{"level":"info","message":"Connected to mongodb://localhost/dev-connector ....","timestamp":"2019-04-15T13:37:59.065Z"}
{"level":"info","message":"Connected to mongodb://localhost/dev-connector ....","timestamp":"2019-04-15T13:38:06.815Z"}
{"level":"info","message":"Connected to mongodb://localhost/dev-connector ....","timestamp":"2019-04-15T13:39:29.307Z"}
{"level":"info","message":"Connected to mongodb://localhost/dev-connector ....","timestamp":"2019-04-15T13:39:55.143Z"}
{"level":"info","message":"Connected to mongodb://localhost/dev-connector ....","timestamp":"2019-04-15T13:40:22.052Z"}
{"level":"info","message":"Connected to mongodb://localhost/dev-connector ....","timestamp":"2019-04-15T13:40:36.990Z"}
{"level":"info","message":"Connected to mongodb://localhost/dev-connector ....","timestamp":"2019-04-15T13:41:11.997Z"}
{"level":"info","message":"Connected to mongodb://localhost/dev-connector ....","timestamp":"2019-04-15T13:41:58.508Z"}
{"level":"info","message":"Connected to mongodb://localhost/dev-connector ....","timestamp":"2019-04-15T13:43:37.569Z"}
{"level":"info","message":"Connected to mongodb://localhost/dev-connector ....","timestamp":"2019-04-15T13:51:06.852Z"}
{"level":"info","message":"Connected to mongodb://localhost/dev-connector ....","timestamp":"2019-04-15T13:52:00.778Z"}
{"level":"info","message":"Connected to mongodb://localhost/dev-connector ....","timestamp":"2019-04-15T13:52:10.038Z"}
{"level":"info","message":"Connected to mongodb://localhost/dev-connector ....","timestamp":"2019-04-15T13:53:19.287Z"}
{"level":"info","message":"Connected to mongodb://localhost/dev-connector ....","timestamp":"2019-04-15T13:54:08.731Z"}
{"level":"info","message":"Connected to mongodb://localhost/dev-connector ....","timestamp":"2019-04-15T13:54:21.413Z"}
{"level":"info","message":"Connected to mongodb://localhost/dev-connector ....","timestamp":"2019-04-15T13:59:40.781Z"}
{"level":"info","message":"Connected to mongodb://localhost/dev-connector ....","timestamp":"2019-04-15T14:00:11.358Z"}
{"level":"info","message":"Connected to mongodb://localhost/dev-connector ....","timestamp":"2019-04-15T14:00:32.655Z"}
{"level":"info","message":"Connected to mongodb://localhost/dev-connector ....","timestamp":"2019-04-15T14:01:16.033Z"}
{"level":"info","message":"Connected to mongodb://localhost/dev-connector ....","timestamp":"2019-04-15T14:01:47.574Z"}
{"level":"info","message":"Connected to mongodb://localhost/dev-connector ....","timestamp":"2019-04-15T14:03:53.080Z"}
{"level":"info","message":"Connected to mongodb://localhost/dev-connector ....","timestamp":"2019-04-15T14:11:43.983Z"}
{"level":"info","message":"Connected to mongodb://localhost/dev-connector ....","timestamp":"2019-04-15T14:12:00.667Z"}
{"level":"info","message":"Connected to mongodb://localhost/dev-connector ....","timestamp":"2019-04-15T14:12:15.938Z"}
{"level":"info","message":"Connected to mongodb://localhost/dev-connector ....","timestamp":"2019-04-15T14:12:40.521Z"}
{"level":"info","message":"Connected to mongodb://localhost/dev-connector ....","timestamp":"2019-04-15T14:13:52.914Z"}
{"level":"info","message":"Connected to mongodb://localhost/dev-connector ....","timestamp":"2019-04-15T14:14:06.647Z"}
{"level":"info","message":"Connected to mongodb://localhost/dev-connector ....","timestamp":"2019-04-15T14:15:22.687Z"}
{"level":"info","message":"Connected to mongodb://localhost/dev-connector ....","timestamp":"2019-04-15T14:15:26.406Z"}
{"level":"info","message":"Connected to mongodb://localhost/dev-connector ....","timestamp":"2019-04-15T14:19:51.337Z"}
{"level":"info","message":"Connected to mongodb://localhost/dev-connector ....","timestamp":"2019-04-15T14:19:58.931Z"}
{"level":"info","message":"Connected to mongodb://localhost/dev-connector ....","timestamp":"2019-04-15T14:20:21.318Z"}
{"level":"info","message":"Connected to mongodb://localhost/dev-connector ....","timestamp":"2019-04-15T14:26:42.049Z"}
{"level":"info","message":"Connected to mongodb://localhost/dev-connector ....","timestamp":"2019-04-15T14:35:27.805Z"}
{"level":"info","message":"Connected to mongodb://localhost/dev-connector ....","timestamp":"2019-04-15T14:35:49.484Z"}
{"level":"info","message":"Connected to mongodb://localhost/dev-connector ....","timestamp":"2019-04-15T14:39:07.221Z"}
{"level":"info","message":"Connected to mongodb://localhost/dev-connector ....","timestamp":"2019-04-15T14:40:16.737Z"}
{"level":"info","message":"Connected to mongodb://localhost/dev-connector ....","timestamp":"2019-04-15T14:41:35.818Z"}
{"level":"info","message":"Connected to mongodb://localhost/dev-connector ....","timestamp":"2019-04-15T14:44:40.092Z"}
{"level":"info","message":"Connected to mongodb://localhost/dev-connector ....","timestamp":"2019-04-15T14:48:36.200Z"}
{"level":"info","message":"Connected to mongodb://localhost/dev-connector ....","timestamp":"2019-04-15T14:51:39.499Z"}
{"level":"info","message":"Connected to mongodb://localhost/dev-connector ....","timestamp":"2019-04-15T14:52:15.570Z"}
{"level":"info","message":"Connected to mongodb://localhost/dev-connector ....","timestamp":"2019-04-15T14:52:27.777Z"}
{"level":"info","message":"Connected to mongodb://localhost/dev-connector ....","timestamp":"2019-04-15T14:52:32.963Z"}
{"level":"info","message":"Connected to mongodb://localhost/dev-connector ....","timestamp":"2019-04-15T14:58:48.902Z"}
{"level":"info","message":"Connected to mongodb://localhost/dev-connector ....","timestamp":"2019-04-15T14:58:52.763Z"}
{"level":"info","message":"Connected to mongodb://localhost/dev-connector ....","timestamp":"2019-04-15T15:04:45.532Z"}
{"level":"info","message":"Connected to mongodb://localhost/dev-connector ....","timestamp":"2019-04-15T15:05:37.268Z"}
{"level":"info","message":"Connected to mongodb://localhost/dev-connector ....","timestamp":"2019-04-15T15:06:55.985Z"}
{"level":"info","message":"Connected to mongodb://localhost/dev-connector ....","timestamp":"2019-04-15T15:18:49.702Z"}
{"level":"info","message":"Connected to mongodb://localhost/dev-connector ....","timestamp":"2019-04-15T15:19:12.248Z"}
{"level":"info","message":"Connected to mongodb://localhost/dev-connector ....","timestamp":"2019-04-15T15:40:55.403Z"}
{"level":"info","message":"Connected to mongodb://localhost/dev-connector ....","timestamp":"2019-04-15T15:42:37.886Z"}
{"level":"info","message":"Connected to mongodb://localhost/dev-connector ....","timestamp":"2019-04-15T18:32:27.045Z"}
{"level":"info","message":"Connected to mongodb://localhost/dev-connector ....","timestamp":"2019-04-15T18:35:53.492Z"}
{"level":"info","message":"Connected to mongodb://localhost/dev-connector ....","timestamp":"2019-04-15T18:44:15.625Z"}
{"level":"info","message":"Connected to mongodb://localhost/dev-connector ....","timestamp":"2019-04-15T18:45:16.663Z"}
{"level":"info","message":"Connected to mongodb://localhost/dev-connector ....","timestamp":"2019-04-15T18:49:35.441Z"}
{"level":"info","message":"Connected to mongodb://localhost/dev-connector ....","timestamp":"2019-04-15T18:49:40.660Z"}
{"level":"info","message":"Connected to mongodb://localhost/dev-connector ....","timestamp":"2019-04-15T18:52:20.159Z"}
{"level":"info","message":"Connected to mongodb://localhost/dev-connector ....","timestamp":"2019-04-15T18:52:23.481Z"}
{"level":"info","message":"Connected to mongodb://localhost/dev-connector ....","timestamp":"2019-04-15T18:58:52.372Z"}
{"level":"info","message":"Connected to mongodb://localhost/dev-connector ....","timestamp":"2019-04-15T18:59:00.626Z"}
{"level":"info","message":"Connected to mongodb://localhost/dev-connector ....","timestamp":"2019-04-15T19:01:34.727Z"}
{"level":"info","message":"Connected to mongodb://localhost/dev-connector ....","timestamp":"2019-04-15T19:02:13.504Z"}
{"level":"info","message":"Connected to mongodb://localhost/dev-connector ....","timestamp":"2019-04-15T19:02:26.673Z"}
{"level":"info","message":"Connected to mongodb://localhost/dev-connector ....","timestamp":"2019-04-15T19:50:17.880Z"}
{"level":"info","message":"Connected to mongodb://localhost/dev-connector ....","timestamp":"2019-04-15T19:50:40.446Z"}
{"level":"info","message":"Connected to mongodb://localhost/dev-connector ....","timestamp":"2019-04-15T19:50:47.348Z"}
{"level":"info","message":"Connected to mongodb://localhost/dev-connector ....","timestamp":"2019-04-15T19:53:52.549Z"}
{"level":"info","message":"Connected to mongodb://localhost/dev-connector ....","timestamp":"2019-04-15T19:54:10.556Z"}
{"level":"info","message":"Connected to mongodb://localhost/dev-connector ....","timestamp":"2019-04-15T19:54:28.726Z"}
{"level":"info","message":"Connected to mongodb://localhost/dev-connector ....","timestamp":"2019-04-17T16:22:37.005Z"}
{"level":"info","message":"Connected to mongodb://localhost/dev-connector ....","timestamp":"2019-04-17T16:27:32.589Z"}
{"level":"info","message":"Connected to mongodb://localhost/dev-connector ....","timestamp":"2019-04-17T17:21:11.153Z"}
{"level":"info","message":"Connected to mongodb://localhost/dev-connector ....","timestamp":"2019-04-17T17:21:47.257Z"}
{"level":"info","message":"Connected to mongodb://localhost/dev-connector ....","timestamp":"2019-04-18T15:40:20.987Z"}
{"level":"info","message":"Connected to mongodb://localhost/dev-connector ....","timestamp":"2019-04-18T15:41:04.631Z"}
{"level":"info","message":"Connected to mongodb://localhost/dev-connector ....","timestamp":"2019-04-18T15:41:38.250Z"}
{"level":"info","message":"Connected to mongodb://localhost/dev-connector ....","timestamp":"2019-04-18T15:42:31.187Z"}
{"level":"info","message":"Connected to mongodb://localhost/dev-connector ....","timestamp":"2019-04-18T15:43:32.732Z"}
{"level":"info","message":"Connected to mongodb://localhost/dev-connector ....","timestamp":"2019-04-18T15:44:40.553Z"}
{"level":"info","message":"Connected to mongodb://localhost/dev-connector ....","timestamp":"2019-04-18T15:45:02.394Z"}
{"level":"info","message":"Connected to mongodb://localhost/dev-connector ....","timestamp":"2019-04-18T15:45:18.722Z"}
{"level":"info","message":"Connected to mongodb://localhost/dev-connector ....","timestamp":"2019-04-18T15:45:31.657Z"}
{"level":"info","message":"Connected to mongodb://localhost/dev-connector ....","timestamp":"2019-04-18T15:45:48.084Z"}
{"level":"info","message":"Connected to mongodb://localhost/dev-connector ....","timestamp":"2019-04-18T15:46:39.348Z"}
{"level":"info","message":"Connected to mongodb://localhost/dev-connector ....","timestamp":"2019-04-18T15:46:45.271Z"}
{"level":"info","message":"Connected to mongodb://localhost/dev-connector ....","timestamp":"2019-04-18T15:47:07.573Z"}
{"level":"info","message":"Connected to mongodb://localhost/dev-connector ....","timestamp":"2019-04-18T15:49:46.713Z"}
{"level":"info","message":"Connected to mongodb://localhost/dev-connector ....","timestamp":"2019-04-18T15:50:04.129Z"}
{"level":"info","message":"Connected to mongodb://localhost/dev-connector ....","timestamp":"2019-04-18T15:50:25.923Z"}
{"level":"info","message":"Connected to mongodb://localhost/dev-connector ....","timestamp":"2019-04-18T15:50:51.983Z"}
{"level":"info","message":"Connected to mongodb://localhost/dev-connector ....","timestamp":"2019-04-18T15:53:27.968Z"}
{"level":"info","message":"Connected to mongodb://localhost/dev-connector ....","timestamp":"2019-04-18T15:54:54.289Z"}
{"level":"info","message":"Connected to mongodb://localhost/dev-connector ....","timestamp":"2019-04-18T15:55:40.360Z"}
{"level":"info","message":"Connected to mongodb://localhost/dev-connector ....","timestamp":"2019-04-18T15:56:14.367Z"}
{"level":"info","message":"Connected to mongodb://localhost/dev-connector ....","timestamp":"2019-04-18T15:56:20.553Z"}
{"level":"info","message":"Connected to mongodb://localhost/dev-connector ....","timestamp":"2019-04-18T15:56:57.929Z"}
{"level":"info","message":"Connected to mongodb://localhost/dev-connector ....","timestamp":"2019-04-18T15:57:18.593Z"}
{"level":"info","message":"Connected to mongodb://localhost/dev-connector ....","timestamp":"2019-04-18T15:58:08.424Z"}
{"level":"info","message":"Connected to mongodb://localhost/dev-connector ....","timestamp":"2019-04-18T15:59:00.886Z"}
{"level":"info","message":"Connected to mongodb://localhost/dev-connector ....","timestamp":"2019-04-18T15:59:23.435Z"}
{"level":"info","message":"Connected to mongodb://localhost/dev-connector ....","timestamp":"2019-04-18T15:59:53.851Z"}
{"level":"info","message":"Connected to mongodb://localhost/dev-connector ....","timestamp":"2019-04-18T15:59:57.608Z"}
{"level":"info","message":"Connected to mongodb://localhost/dev-connector ....","timestamp":"2019-04-18T16:00:01.837Z"}
{"level":"info","message":"Connected to mongodb://localhost/dev-connector ....","timestamp":"2019-04-18T16:00:10.585Z"}
{"level":"info","message":"Connected to mongodb://localhost/dev-connector ....","timestamp":"2019-04-18T16:00:48.127Z"}
{"level":"info","message":"Connected to mongodb://localhost/dev-connector ....","timestamp":"2019-04-18T16:00:54.365Z"}
{"level":"info","message":"Connected to mongodb://localhost/dev-connector ....","timestamp":"2019-04-18T16:01:22.146Z"}
{"level":"info","message":"Connected to mongodb://localhost/dev-connector ....","timestamp":"2019-04-18T16:01:30.618Z"}
{"level":"info","message":"Connected to mongodb://localhost/dev-connector ....","timestamp":"2019-04-18T16:02:05.429Z"}
{"level":"info","message":"Connected to mongodb://localhost/dev-connector ....","timestamp":"2019-04-18T16:02:22.375Z"}
{"level":"info","message":"Connected to mongodb://localhost/dev-connector ....","timestamp":"2019-04-18T16:03:17.332Z"}
{"level":"info","message":"Connected to mongodb://localhost/dev-connector ....","timestamp":"2019-04-18T16:04:00.246Z"}
{"level":"info","message":"Connected to mongodb://localhost/dev-connector ....","timestamp":"2019-04-18T16:10:48.824Z"}
{"level":"info","message":"Connected to mongodb://localhost/dev-connector ....","timestamp":"2019-04-18T16:14:05.250Z"}
{"level":"info","message":"Connected to mongodb://localhost/dev-connector ....","timestamp":"2019-04-18T16:23:38.989Z"}
{"level":"info","message":"Connected to mongodb://localhost/dev-connector ....","timestamp":"2019-04-18T16:27:03.699Z"}
{"level":"info","message":"Connected to mongodb://localhost/dev-connector ....","timestamp":"2019-04-18T16:27:53.061Z"}
{"level":"info","message":"Connected to mongodb://localhost/dev-connector ....","timestamp":"2019-04-18T16:34:42.105Z"}
{"level":"info","message":"Connected to mongodb://localhost/dev-connector ....","timestamp":"2019-04-18T16:34:59.882Z"}
{"level":"info","message":"Connected to mongodb://localhost/dev-connector ....","timestamp":"2019-04-18T16:35:04.875Z"}
{"level":"info","message":"Connected to mongodb://localhost/dev-connector ....","timestamp":"2019-04-19T07:40:35.842Z"}
{"level":"info","message":"Connected to mongodb://localhost/dev-connector ....","timestamp":"2019-04-19T07:54:36.375Z"}
{"level":"info","message":"Connected to mongodb://localhost/dev-connector ....","timestamp":"2019-04-19T07:56:37.421Z"}
{"level":"info","message":"Connected to mongodb://localhost/dev-connector ....","timestamp":"2019-04-19T07:56:47.650Z"}
{"level":"info","message":"Connected to mongodb://localhost/dev-connector ....","timestamp":"2019-04-19T07:58:32.179Z"}
{"level":"info","message":"Connected to mongodb://localhost/dev-connector ....","timestamp":"2019-04-19T08:00:10.629Z"}
{"level":"info","message":"Connected to mongodb://localhost/dev-connector ....","timestamp":"2019-04-19T08:10:06.378Z"}
{"level":"info","message":"Connected to mongodb://localhost/dev-connector ....","timestamp":"2019-04-19T10:51:01.897Z"}
{"level":"info","message":"Connected to mongodb://localhost/dev-connector ....","timestamp":"2019-04-19T10:51:06.355Z"}
{"level":"info","message":"Connected to mongodb://localhost/dev-connector ....","timestamp":"2019-04-20T23:16:09.434Z"}
{"level":"info","message":"Connected to mongodb://localhost/dev-connector ....","timestamp":"2019-04-20T23:27:28.072Z"}
{"level":"info","message":"Connected to mongodb://localhost/dev-connector ....","timestamp":"2019-04-20T23:44:57.017Z"}
{"level":"info","message":"Connected to mongodb://localhost/dev-connector ....","timestamp":"2019-04-21T00:15:19.545Z"}
{"level":"info","message":"Connected to mongodb://localhost/dev-connector ....","timestamp":"2019-04-21T00:18:42.196Z"}
{"level":"info","message":"Connected to mongodb://localhost/dev-connector ....","timestamp":"2019-04-21T00:19:44.941Z"}
{"level":"info","message":"Connected to mongodb://localhost/dev-connector ....","timestamp":"2019-04-21T00:21:18.616Z"}
{"level":"info","message":"Connected to mongodb://localhost/dev-connector ....","timestamp":"2019-04-21T00:21:41.535Z"}
{"level":"info","message":"Connected to mongodb://localhost/dev-connector ....","timestamp":"2019-04-21T00:22:37.306Z"}
{"level":"info","message":"Connected to mongodb://localhost/dev-connector ....","timestamp":"2019-04-21T00:24:29.474Z"}
{"level":"info","message":"Connected to mongodb://localhost/dev-connector ....","timestamp":"2019-04-21T00:27:26.265Z"}
{"level":"info","message":"Connected to mongodb://localhost/dev-connector ....","timestamp":"2019-04-21T00:27:40.344Z"}
{"level":"info","message":"Connected to mongodb://localhost/dev-connector ....","timestamp":"2019-04-21T00:31:38.109Z"}
{"level":"info","message":"Connected to mongodb://localhost/dev-connector ....","timestamp":"2019-04-21T00:43:41.941Z"}
{"level":"info","message":"Connected to mongodb://localhost/dev-connector ....","timestamp":"2019-04-21T01:27:53.805Z"}
{"level":"info","message":"Connected to mongodb://localhost/dev-connector ....","timestamp":"2019-04-21T01:50:41.268Z"}
{"level":"info","message":"Connected to mongodb://localhost/dev-connector ....","timestamp":"2019-04-21T01:54:56.089Z"}
{"level":"info","message":"Connected to mongodb://localhost/dev-connector ....","timestamp":"2019-04-21T01:57:44.545Z"}
{"level":"info","message":"Connected to mongodb://localhost/dev-connector ....","timestamp":"2019-04-21T01:57:59.513Z"}
{"level":"info","message":"Connected to mongodb://localhost/dev-connector ....","timestamp":"2019-04-21T01:58:21.627Z"}
{"level":"info","message":"Connected to mongodb://localhost/dev-connector ....","timestamp":"2019-04-21T01:58:36.963Z"}
{"level":"info","message":"Connected to mongodb://localhost/dev-connector ....","timestamp":"2019-04-21T02:00:14.511Z"}
{"level":"info","message":"Connected to mongodb://localhost/dev-connector ....","timestamp":"2019-04-21T02:00:35.207Z"}
{"level":"info","message":"Connected to mongodb://localhost/dev-connector ....","timestamp":"2019-04-21T02:13:54.863Z"}
{"level":"info","message":"Connected to mongodb://localhost/dev-connector ....","timestamp":"2019-04-21T02:16:20.446Z"}
{"level":"info","message":"Connected to mongodb://localhost/dev-connector ....","timestamp":"2019-04-21T02:17:02.823Z"}
{"level":"info","message":"Connected to mongodb://localhost/dev-connector ....","timestamp":"2019-04-21T02:19:01.674Z"}
{"level":"info","message":"Connected to mongodb://localhost/dev-connector ....","timestamp":"2019-04-21T02:23:06.835Z"}
{"level":"info","message":"Connected to mongodb://localhost/dev-connector ....","timestamp":"2019-04-21T02:35:17.285Z"}
{"level":"info","message":"Connected to mongodb://localhost/dev-connector ....","timestamp":"2019-04-21T02:44:44.069Z"}
{"level":"info","message":"Connected to mongodb://localhost/dev-connector ....","timestamp":"2019-04-21T02:57:15.311Z"}
{"level":"info","message":"Connected to mongodb://localhost/dev-connector ....","timestamp":"2019-04-21T02:58:00.624Z"}
{"level":"info","message":"Connected to mongodb://localhost/dev-connector ....","timestamp":"2019-04-21T06:00:55.332Z"}
{"level":"info","message":"Connected to mongodb://localhost/dev-connector ....","timestamp":"2019-04-21T06:18:20.041Z"}
{"level":"info","message":"Connected to mongodb://localhost/dev-connector ....","timestamp":"2019-04-21T06:19:29.223Z"}
{"level":"info","message":"Connected to mongodb://localhost/dev-connector ....","timestamp":"2019-04-21T06:20:51.506Z"}
{"level":"info","message":"Connected to mongodb://localhost/dev-connector ....","timestamp":"2019-04-21T06:21:25.413Z"}
{"level":"info","message":"Connected to mongodb://localhost/dev-connector ....","timestamp":"2019-04-21T06:22:49.116Z"}
{"level":"info","message":"Connected to mongodb://localhost/dev-connector ....","timestamp":"2019-04-21T06:23:30.099Z"}
{"level":"info","message":"Connected to mongodb://localhost/dev-connector ....","timestamp":"2019-04-21T06:24:01.057Z"}
{"level":"info","message":"Connected to mongodb://localhost/dev-connector ....","timestamp":"2019-04-21T20:42:40.241Z"}
{"level":"info","message":"Connected to mongodb://localhost/dev-connector ....","timestamp":"2019-04-21T20:47:08.876Z"}
{"level":"info","message":"Connected to mongodb://localhost/dev-connector ....","timestamp":"2019-04-21T20:47:11.406Z"}
{"level":"info","message":"Connected to mongodb://localhost/dev-connector ....","timestamp":"2019-04-21T20:47:50.196Z"}
{"level":"info","message":"Connected to mongodb://localhost/dev-connector ....","timestamp":"2019-04-21T20:48:19.763Z"}
{"level":"info","message":"Connected to mongodb://localhost/dev-connector ....","timestamp":"2019-04-21T20:50:11.836Z"}
{"level":"info","message":"Connected to mongodb://localhost/dev-connector ....","timestamp":"2019-04-21T20:57:13.108Z"}
{"level":"info","message":"Connected to mongodb://localhost/dev-connector ....","timestamp":"2019-04-21T21:15:27.756Z"}
{"level":"info","message":"Connected to mongodb://localhost/dev-connector ....","timestamp":"2019-04-21T21:18:07.203Z"}
{"level":"info","message":"Connected to mongodb://localhost/dev-connector ....","timestamp":"2019-04-21T21:29:26.376Z"}
{"level":"info","message":"Connected to mongodb://localhost/dev-connector ....","timestamp":"2019-04-21T21:49:52.016Z"}
{"level":"info","message":"Connected to mongodb://localhost/dev-connector ....","timestamp":"2019-04-21T21:50:24.084Z"}
{"level":"info","message":"Connected to mongodb://localhost/dev-connector ....","timestamp":"2019-04-21T22:31:22.992Z"}
{"level":"info","message":"Connected to mongodb://localhost/dev-connector ....","timestamp":"2019-04-21T22:35:35.993Z"}
{"level":"info","message":"Connected to mongodb://localhost/dev-connector ....","timestamp":"2019-04-21T23:19:21.406Z"}
{"level":"info","message":"Connected to mongodb://localhost/dev-connector ....","timestamp":"2019-04-21T23:20:53.398Z"}
{"level":"info","message":"Connected to mongodb://localhost/dev-connector ....","timestamp":"2019-04-21T23:22:11.974Z"}
{"level":"info","message":"Connected to mongodb://localhost/dev-connector ....","timestamp":"2019-04-21T23:22:32.173Z"}
{"level":"info","message":"Connected to mongodb://localhost/dev-connector ....","timestamp":"2019-04-21T23:22:55.857Z"}
{"level":"info","message":"Connected to mongodb://localhost/dev-connector ....","timestamp":"2019-04-21T23:23:34.094Z"}
{"level":"info","message":"Connected to mongodb://localhost/dev-connector ....","timestamp":"2019-04-21T23:24:44.505Z"}
{"level":"info","message":"Connected to mongodb://localhost/dev-connector ....","timestamp":"2019-04-21T23:30:33.177Z"}
{"level":"info","message":"Connected to mongodb://localhost/dev-connector ....","timestamp":"2019-04-21T23:32:07.551Z"}
{"level":"info","message":"Connected to mongodb://localhost/dev-connector ....","timestamp":"2019-04-21T23:34:07.926Z"}
{"level":"info","message":"Connected to mongodb://localhost/dev-connector ....","timestamp":"2019-04-21T23:36:35.716Z"}
{"level":"info","message":"Connected to mongodb://localhost/dev-connector ....","timestamp":"2019-04-21T23:43:50.368Z"}
{"level":"info","message":"Connected to mongodb://localhost/dev-connector ....","timestamp":"2019-04-21T23:44:47.979Z"}
{"level":"info","message":"Connected to mongodb://localhost/dev-connector ....","timestamp":"2019-04-21T23:45:39.267Z"}
{"level":"info","message":"Connected to mongodb://localhost/dev-connector ....","timestamp":"2019-04-21T23:51:39.292Z"}
{"level":"info","message":"Connected to mongodb://localhost/dev-connector ....","timestamp":"2019-04-21T23:52:05.378Z"}
{"level":"info","message":"Connected to mongodb://localhost/dev-connector ....","timestamp":"2019-04-21T23:52:08.157Z"}
{"level":"info","message":"Connected to mongodb://localhost/dev-connector ....","timestamp":"2019-04-21T23:52:21.813Z"}
{"level":"info","message":"Connected to mongodb://localhost/dev-connector ....","timestamp":"2019-04-21T23:54:20.019Z"}
{"level":"info","message":"Connected to mongodb://localhost/dev-connector ....","timestamp":"2019-04-21T23:54:44.025Z"}
{"level":"info","message":"Connected to mongodb://localhost/dev-connector ....","timestamp":"2019-04-21T23:59:43.428Z"}
{"level":"info","message":"Connected to mongodb://localhost/dev-connector ....","timestamp":"2019-04-22T00:00:14.491Z"}
{"level":"info","message":"Connected to mongodb://localhost/dev-connector ....","timestamp":"2019-04-22T00:00:25.092Z"}
{"level":"info","message":"Connected to mongodb://localhost/dev-connector ....","timestamp":"2019-04-21T12:58:08.723Z"}
{"level":"info","message":"Connected to mongodb://localhost/dev-connector ....","timestamp":"2019-04-21T12:58:24.445Z"}
{"level":"info","message":"Connected to mongodb://localhost/dev-connector ....","timestamp":"2019-04-21T12:59:38.475Z"}
{"level":"info","message":"Connected to mongodb://localhost/dev-connector ....","timestamp":"2019-04-21T13:00:02.741Z"}
{"level":"info","message":"Connected to mongodb://localhost/dev-connector ....","timestamp":"2019-04-21T13:00:55.327Z"}
{"level":"info","message":"Connected to mongodb://localhost/dev-connector ....","timestamp":"2019-04-21T13:03:37.291Z"}
{"level":"info","message":"Connected to mongodb://localhost/dev-connector ....","timestamp":"2019-04-21T13:07:01.439Z"}
{"level":"info","message":"Connected to mongodb://localhost/dev-connector ....","timestamp":"2019-04-21T13:08:34.201Z"}
{"level":"info","message":"Connected to mongodb://localhost/dev-connector ....","timestamp":"2019-04-21T13:11:31.132Z"}
{"level":"info","message":"Connected to mongodb://localhost/dev-connector ....","timestamp":"2019-04-21T13:12:12.997Z"}
{"level":"info","message":"Connected to mongodb://localhost/dev-connector ....","timestamp":"2019-04-21T13:19:46.801Z"}
{"level":"info","message":"Connected to mongodb://localhost/dev-connector ....","timestamp":"2019-04-21T13:26:06.878Z"}
{"level":"info","message":"Connected to mongodb://localhost/dev-connector ....","timestamp":"2019-04-21T13:31:03.482Z"}
{"level":"info","message":"Connected to mongodb://localhost/dev-connector ....","timestamp":"2019-04-21T15:39:27.375Z"}
{"level":"info","message":"Connected to mongodb://localhost/dev-connector ....","timestamp":"2019-04-21T16:05:23.361Z"}
{"level":"info","message":"Connected to mongodb://localhost/dev-connector ....","timestamp":"2019-04-21T16:18:53.819Z"}
{"level":"info","message":"Connected to mongodb://localhost/dev-connector ....","timestamp":"2019-04-21T16:21:00.249Z"}
{"level":"info","message":"Connected to mongodb://localhost/dev-connector ....","timestamp":"2019-04-21T16:21:03.937Z"}
{"level":"info","message":"Connected to mongodb://localhost/dev-connector ....","timestamp":"2019-04-21T16:21:12.896Z"}
{"level":"info","message":"Connected to mongodb://localhost/dev-connector ....","timestamp":"2019-04-21T16:21:45.108Z"}
{"level":"info","message":"Connected to mongodb://localhost/dev-connector ....","timestamp":"2019-04-21T16:22:45.429Z"}
{"level":"info","message":"Connected to mongodb://localhost/dev-connector ....","timestamp":"2019-04-21T16:28:26.530Z"}
{"level":"info","message":"Connected to mongodb://localhost/dev-connector ....","timestamp":"2019-04-21T17:32:03.435Z"}
{"level":"info","message":"Connected to mongodb://localhost/dev-connector ....","timestamp":"2019-04-21T19:33:35.742Z"}
{"level":"info","message":"Connected to mongodb://localhost/dev-connector ....","timestamp":"2019-04-21T19:34:11.735Z"}
{"level":"info","message":"Connected to mongodb://localhost/dev-connector ....","timestamp":"2019-04-21T19:34:14.651Z"}
{"level":"info","message":"Connected to mongodb://localhost/dev-connector ....","timestamp":"2019-04-21T19:34:18.088Z"}
{"level":"info","message":"Connected to mongodb://localhost/dev-connector ....","timestamp":"2019-04-21T19:35:50.438Z"}
{"level":"info","message":"Connected to mongodb://localhost/dev-connector ....","timestamp":"2019-04-21T19:35:57.229Z"}
{"level":"info","message":"Connected to mongodb://localhost/dev-connector ....","timestamp":"2019-04-21T19:39:04.119Z"}
{"level":"info","message":"Connected to mongodb://localhost/dev-connector ....","timestamp":"2019-04-21T19:39:34.623Z"}
{"level":"info","message":"Connected to mongodb://localhost/dev-connector ....","timestamp":"2019-04-21T19:49:45.680Z"}
{"level":"info","message":"Connected to mongodb://localhost/dev-connector ....","timestamp":"2019-04-21T19:51:25.952Z"}
{"level":"info","message":"Connected to mongodb://localhost/dev-connector ....","timestamp":"2019-04-21T20:05:18.231Z"}
{"level":"info","message":"Connected to mongodb://localhost/dev-connector ....","timestamp":"2019-04-21T20:11:05.588Z"}
{"level":"info","message":"Connected to mongodb://localhost/dev-connector ....","timestamp":"2019-04-21T20:11:45.843Z"}
{"level":"info","message":"Connected to mongodb://localhost/dev-connector ....","timestamp":"2019-04-21T20:30:34.690Z"}
{"level":"info","message":"Connected to mongodb://localhost/dev-connector ....","timestamp":"2019-04-21T20:30:40.917Z"}
{"level":"info","message":"Connected to mongodb://localhost/dev-connector ....","timestamp":"2019-04-21T20:34:25.177Z"}
{"level":"info","message":"Connected to mongodb://localhost/dev-connector ....","timestamp":"2019-04-21T20:34:47.381Z"}
{"level":"info","message":"Connected to mongodb://localhost/dev-connector ....","timestamp":"2019-04-21T20:42:26.337Z"}
{"level":"info","message":"Connected to mongodb://localhost/dev-connector ....","timestamp":"2019-04-22T16:12:22.414Z"}
{"level":"info","message":"Connected to mongodb://localhost/dev-connector ....","timestamp":"2019-04-22T16:13:30.966Z"}
{"level":"info","message":"Connected to mongodb://localhost/dev-connector ....","timestamp":"2019-04-22T16:16:02.891Z"}
{"level":"info","message":"Connected to mongodb://localhost/dev-connector ....","timestamp":"2019-04-22T16:16:25.885Z"}
{"level":"info","message":"Connected to mongodb://localhost/dev-connector ....","timestamp":"2019-04-22T16:16:47.443Z"}
{"level":"info","message":"Connected to mongodb://localhost/dev-connector ....","timestamp":"2019-04-22T16:16:51.907Z"}
{"level":"info","message":"Connected to mongodb://localhost/dev-connector ....","timestamp":"2019-04-22T16:17:14.025Z"}
{"level":"info","message":"Connected to mongodb://localhost/dev-connector ....","timestamp":"2019-04-22T16:17:21.467Z"}
{"level":"info","message":"Connected to mongodb://localhost/dev-connector ....","timestamp":"2019-04-22T16:18:02.815Z"}
{"level":"info","message":"Connected to mongodb://localhost/dev-connector ....","timestamp":"2019-04-22T16:19:04.871Z"}
{"level":"info","message":"Connected to mongodb://localhost/dev-connector ....","timestamp":"2019-04-22T16:21:17.800Z"}
{"level":"info","message":"Connected to mongodb://localhost/dev-connector ....","timestamp":"2019-04-22T16:21:36.671Z"}
{"level":"info","message":"Connected to mongodb://localhost/dev-connector ....","timestamp":"2019-04-22T16:23:51.839Z"}
{"level":"info","message":"Connected to mongodb://localhost/dev-connector ....","timestamp":"2019-04-22T16:25:01.892Z"}
{"level":"info","message":"Connected to mongodb://localhost/dev-connector ....","timestamp":"2019-04-22T16:26:02.939Z"}
{"level":"info","message":"Connected to mongodb://localhost/dev-connector ....","timestamp":"2019-04-22T16:27:32.435Z"}
{"level":"info","message":"Connected to mongodb://localhost/dev-connector ....","timestamp":"2019-04-22T16:27:46.119Z"}
{"level":"info","message":"Connected to mongodb://localhost/dev-connector ....","timestamp":"2019-04-22T16:28:26.292Z"}
{"level":"info","message":"Connected to mongodb://localhost/dev-connector ....","timestamp":"2019-04-22T16:29:08.563Z"}
{"level":"info","message":"Connected to mongodb://localhost/dev-connector ....","timestamp":"2019-04-22T16:29:54.619Z"}
{"level":"info","message":"Connected to mongodb://localhost/dev-connector ....","timestamp":"2019-04-22T16:37:02.525Z"}
{"level":"info","message":"Connected to mongodb://localhost/dev-connector ....","timestamp":"2019-04-22T16:37:37.507Z"}
{"level":"info","message":"Connected to mongodb://localhost/dev-connector ....","timestamp":"2019-04-22T16:37:54.591Z"}
{"level":"info","message":"Connected to mongodb://localhost/dev-connector ....","timestamp":"2019-04-22T16:42:55.110Z"}
{"level":"info","message":"Connected to mongodb://localhost/dev-connector ....","timestamp":"2019-04-22T18:14:24.098Z"}
{"level":"info","message":"Connected to mongodb://localhost/dev-connector ....","timestamp":"2019-04-22T18:16:01.584Z"}
{"level":"info","message":"Connected to mongodb://localhost/dev-connector ....","timestamp":"2019-04-25T14:35:38.083Z"}
{"level":"info","message":"Connected to mongodb://localhost/dev-connector ....","timestamp":"2019-04-25T14:37:04.987Z"}
{"level":"info","message":"Connected to mongodb://localhost/dev-connector ....","timestamp":"2019-04-25T14:37:13.813Z"}
{"level":"info","message":"Connected to mongodb://localhost/dev-connector ....","timestamp":"2019-04-25T14:38:08.069Z"}
{"level":"info","message":"Connected to mongodb://localhost/dev-connector ....","timestamp":"2019-04-25T14:39:36.073Z"}
{"level":"info","message":"Connected to mongodb://localhost/dev-connector ....","timestamp":"2019-04-25T14:43:44.773Z"}
{"level":"info","message":"Connected to mongodb://localhost/dev-connector ....","timestamp":"2019-04-25T14:45:36.798Z"}
{"level":"info","message":"Connected to mongodb://localhost/dev-connector ....","timestamp":"2019-04-25T14:47:09.190Z"}
{"level":"info","message":"Connected to mongodb://localhost/dev-connector ....","timestamp":"2019-04-25T17:10:14.090Z"}
{"level":"info","message":"Connected to mongodb://localhost/dev-connector ....","timestamp":"2019-04-25T17:31:21.452Z"}
{"level":"info","message":"Connected to mongodb://localhost/dev-connector ....","timestamp":"2019-04-25T17:51:53.442Z"}
{"level":"info","message":"Connected to mongodb://localhost/dev-connector ....","timestamp":"2019-04-25T17:57:32.918Z"}
{"level":"info","message":"Connected to mongodb://localhost/dev-connector ....","timestamp":"2019-04-25T17:57:47.213Z"}
{"level":"info","message":"Connected to mongodb://localhost/dev-connector ....","timestamp":"2019-04-25T17:58:33.735Z"}
{"level":"info","message":"Connected to mongodb://localhost/dev-connector ....","timestamp":"2019-04-25T17:58:58.573Z"}
{"level":"info","message":"Connected to mongodb://localhost/dev-connector ....","timestamp":"2019-04-25T18:00:14.433Z"}
{"level":"info","message":"Connected to mongodb://localhost/dev-connector ....","timestamp":"2019-04-25T18:00:31.178Z"}
{"level":"info","message":"Connected to mongodb://localhost/dev-connector ....","timestamp":"2019-04-25T18:01:07.155Z"}
{"level":"info","message":"Connected to mongodb://localhost/dev-connector ....","timestamp":"2019-04-25T18:07:32.185Z"}
{"level":"info","message":"Connected to mongodb://localhost/dev-connector ....","timestamp":"2019-04-25T18:49:40.060Z"}
{"level":"info","message":"Connected to mongodb://localhost/dev-connector ....","timestamp":"2019-04-25T18:51:21.661Z"}
{"level":"info","message":"Connected to mongodb://localhost/dev-connector ....","timestamp":"2019-04-25T18:52:09.479Z"}
{"level":"info","message":"Connected to mongodb://localhost/dev-connector ....","timestamp":"2019-04-25T18:54:50.786Z"}
{"level":"info","message":"Connected to mongodb://localhost/dev-connector ....","timestamp":"2019-04-26T07:58:06.013Z"}
{"level":"info","message":"Connected to mongodb://localhost/dev-connector ....","timestamp":"2019-04-26T07:58:27.332Z"}
{"level":"info","message":"Connected to mongodb://localhost/dev-connector ....","timestamp":"2019-04-26T07:58:53.791Z"}
{"level":"info","message":"Connected to mongodb://localhost/dev-connector ....","timestamp":"2019-04-26T08:05:14.981Z"}
{"level":"info","message":"Connected to mongodb://localhost/dev-connector ....","timestamp":"2019-04-26T08:11:41.951Z"}
{"level":"info","message":"Connected to mongodb://localhost/dev-connector ....","timestamp":"2019-04-26T08:12:12.788Z"}
{"level":"info","message":"Connected to mongodb://localhost/dev-connector ....","timestamp":"2019-04-26T08:17:39.006Z"}
{"level":"info","message":"Connected to mongodb://localhost/dev-connector ....","timestamp":"2019-04-26T08:21:02.766Z"}
{"level":"info","message":"Connected to mongodb://localhost/dev-connector ....","timestamp":"2019-04-26T08:21:59.479Z"}
{"level":"info","message":"Connected to mongodb://localhost/dev-connector ....","timestamp":"2019-04-26T08:32:04.795Z"}
{"level":"info","message":"Connected to mongodb://localhost/dev-connector ....","timestamp":"2019-04-26T14:27:06.060Z"}
{"level":"info","message":"Connected to mongodb://localhost/dev-connector ....","timestamp":"2019-04-26T14:28:07.521Z"}
{"level":"info","message":"Connected to mongodb://localhost/dev-connector ....","timestamp":"2019-04-26T14:28:38.601Z"}
{"level":"info","message":"Connected to mongodb://localhost/dev-connector ....","timestamp":"2019-04-26T14:29:24.684Z"}
{"level":"info","message":"Connected to mongodb://localhost/dev-connector ....","timestamp":"2019-04-26T14:38:22.772Z"}
{"level":"info","message":"Connected to mongodb://localhost/dev-connector ....","timestamp":"2019-04-26T14:39:21.903Z"}
{"level":"info","message":"Connected to mongodb://localhost/dev-connector ....","timestamp":"2019-04-26T14:39:44.633Z"}
{"level":"info","message":"Connected to mongodb://localhost/dev-connector ....","timestamp":"2019-04-26T14:40:21.624Z"}
{"level":"info","message":"Connected to mongodb://localhost/dev-connector ....","timestamp":"2019-04-26T14:40:33.057Z"}
{"level":"info","message":"Connected to mongodb://localhost/dev-connector ....","timestamp":"2019-04-26T14:45:20.798Z"}
{"level":"info","message":"Connected to mongodb://localhost/dev-connector ....","timestamp":"2019-04-26T15:11:37.360Z"}
{"level":"info","message":"Connected to mongodb://localhost/dev-connector ....","timestamp":"2019-04-26T15:11:47.447Z"}
{"level":"info","message":"Connected to mongodb://localhost/dev-connector ....","timestamp":"2019-04-26T15:11:53.772Z"}
{"level":"info","message":"Connected to mongodb://localhost/dev-connector ....","timestamp":"2019-04-26T15:19:39.340Z"}
{"level":"info","message":"Connected to mongodb://localhost/dev-connector ....","timestamp":"2019-04-26T15:20:27.668Z"}
{"level":"info","message":"Connected to mongodb://localhost/dev-connector ....","timestamp":"2019-04-26T15:21:22.568Z"}
